#
# A fatal error has been detected by the Java Runtime Environment:
#
#  EXCEPTION_ACCESS_VIOLATION (0xc0000005) at pc=0x00007ffa39ba1a65, pid=48452, tid=19716
#
# JRE version: OpenJDK Runtime Environment Corretto-21.0.4.7.1 (21.0.4+7) (build 21.0.4+7-LTS)
# Java VM: OpenJDK 64-Bit Server VM Corretto-21.0.4.7.1 (21.0.4+7-LTS, mixed mode, sharing, tiered, compressed oops, compressed class ptrs, g1 gc, windows-amd64)
# Problematic frame:
# V  [jvm.dll+0x321a65]
#
# No core dump will be written. Minidumps are not enabled by default on client versions of Windows
#
# If you would like to submit a bug report, please visit:
#   https://github.com/corretto/corretto-21/issues/
#

---------------  S U M M A R Y ------------

Command Line: -Dmaven.multiModuleProjectDirectory=C:\Users\truonglq\IdeaProjects\demo -Djansi.passthrough=true -Dmaven.home=C:\Users\truonglq\.m2\wrapper\dists\apache-maven-3.9.9-bin\4nf9hui3q3djbarqar9g711ggc\apache-maven-3.9.9 -Dclassworlds.conf=C:\Users\truonglq\.m2\wrapper\dists\apache-maven-3.9.9-bin\4nf9hui3q3djbarqar9g711ggc\apache-maven-3.9.9\bin\m2.conf -Dmaven.ext.class.path=C:\Users\truonglq\AppData\Local\JetBrains\IntelliJ IDEA 2024.2.3\plugins\maven\lib\maven-event-listener.jar -javaagent:C:\Users\truonglq\AppData\Local\JetBrains\IntelliJ IDEA 2024.2.3\lib\idea_rt.jar=51253:C:\Users\truonglq\AppData\Local\JetBrains\IntelliJ IDEA 2024.2.3\bin -Dfile.encoding=UTF-8 -Dsun.stdout.encoding=UTF-8 -Dsun.stderr.encoding=UTF-8 org.codehaus.classworlds.Launcher -Didea.version=2024.2.3 install

Host: Intel(R) Core(TM) i5-10400 CPU @ 2.90GHz, 12 cores, 15G,  Windows 11 , 64 bit Build 22000 (10.0.22000.2538)
Time: Thu Oct 24 10:03:09 2024 SE Asia Standard Time elapsed time: 5.666487 seconds (0d 0h 0m 5s)

---------------  T H R E A D  ---------------

Current thread (0x000001cde8ef0350):  WorkerThread "G1 Conc#0"      [id=19716, stack(0x00000069d9700000,0x00000069d9800000) (1024K)]

Stack: [0x00000069d9700000,0x00000069d9800000],  sp=0x00000069d97ffb20,  free space=1022k
Native frames: (J=compiled Java code, j=interpreted, Vv=VM code, C=native code)
V  [jvm.dll+0x321a65]
V  [jvm.dll+0x3218ff]
V  [jvm.dll+0x31f4ad]
V  [jvm.dll+0x31eec2]
V  [jvm.dll+0x33e9e0]
V  [jvm.dll+0x33b231]
V  [jvm.dll+0x33cdbc]
V  [jvm.dll+0x33bb03]
V  [jvm.dll+0x33f466]
V  [jvm.dll+0x8e1224]
V  [jvm.dll+0x85c768]
V  [jvm.dll+0x6d6bdd]
C  [ucrtbase.dll+0x26c0c]
C  [KERNEL32.DLL+0x153e0]
C  [ntdll.dll+0x485b]


siginfo: EXCEPTION_ACCESS_VIOLATION (0xc0000005), reading address 0x000001d5e6d4dda0


Registers:
RAX=0x000001cde6d69f00, RBX=0x000001cde8efa8a0, RCX=0x0000000000000015, RDX=0x0000000000000002
RSP=0x00000069d97ffb20, RBP=0x0000000000000002, RSI=0x000001cde8edeb20, RDI=0x0000000000000008
R8 =0x0000000000000008, R9 =0x00000000ffffc7d4, R10=0x000001cde8e8c3d0, R11=0x0000000000000003
R12=0x0000000000000000, R13=0xaaaaaaaaaaaaaaab, R14=0x00000007ffba22d8, R15=0x000001cd8f006f68
RIP=0x00007ffa39ba1a65, EFLAGS=0x0000000000010a06


Register to memory mapping:

RAX=0x000001cde6d69f00 points into unknown readable memory: 0x000001cde6c8aaf0 | f0 aa c8 e6 cd 01 00 00
RBX=0x000001cde8efa8a0 points into unknown readable memory: 0x00007ffa3a2b0128 | 28 01 2b 3a fa 7f 00 00
RCX=0x0000000000000015 is an unknown value
RDX=0x0000000000000002 is an unknown value
RSP=0x00000069d97ffb20 points into unknown readable memory: 0x0000000000000001 | 01 00 00 00 00 00 00 00
RBP=0x0000000000000002 is an unknown value
RSI=0x000001cde8edeb20 points into unknown readable memory: 0x000001cde8eeee90 | 90 ee ee e8 cd 01 00 00
RDI=0x0000000000000008 is an unknown value
R8 =0x0000000000000008 is an unknown value
R9 =0x00000000ffffc7d4 is an unknown value
R10=0x000001cde8e8c3d0 points into unknown readable memory: 0x00007ffa3a2ae7b0 | b0 e7 2a 3a fa 7f 00 00
R11=0x0000000000000003 is an unknown value
R12=0x0 is null
R13=0xaaaaaaaaaaaaaaab is an unknown value
R14=0x00000007ffba22d8 is an oop: java.lang.Class 
{0x00000007ffba22d8} - klass: 'java/lang/Class'
 - ---- fields (total size 14 words):
 - private volatile transient 'classRedefinedCount' 'I' @12  0 (0x00000000)
 - injected 'klass' 'J' @16  1982398414824 (0x000001cd90273fe8)
 - injected 'array_klass' 'J' @24  0 (0x0000000000000000)
 - injected 'oop_size' 'I' @32  14 (0x0000000e)
 - injected 'static_oop_field_count' 'I' @36  0 (0x00000000)
 - private volatile transient 'cachedConstructor' 'Ljava/lang/reflect/Constructor;' @40  null (0x00000000)
 - private transient 'name' 'Ljava/lang/String;' @44  "com.sun.source.tree.CompilationUnitTree"{0x00000007ffba2348} (0xfff74469)
 - private transient 'module' 'Ljava/lang/Module;' @48  a 'java/lang/Module'{0x0000000705816b20} (0xe0b02d64)
 - private final 'classLoader' 'Ljava/lang/ClassLoader;' @52  a 'jdk/internal/loader/ClassLoaders$AppClassLoader'{0x0000000705805070} (0xe0b00a0e)
 - private transient 'classData' 'Ljava/lang/Object;' @56  null (0x00000000)
 - private transient 'packageName' 'Ljava/lang/String;' @60  "com.sun.source.tree"{0x00000007058350b8} (0xe0b06a17)
 - private final 'componentType' 'Ljava/lang/Class;' @64  null (0x00000000)
 - private volatile transient 'reflectionData' 'Ljava/lang/ref/SoftReference;' @68  null (0x00000000)
 - private volatile transient 'genericInfo' 'Lsun/reflect/generics/repository/ClassRepository;' @72  null (0x00000000)
 - private volatile transient 'enumConstants' '[Ljava/lang/Object;' @76  null (0x00000000)
 - private volatile transient 'enumConstantDirectory' 'Ljava/util/Map;' @80  null (0x00000000)
 - private volatile transient 'annotationData' 'Ljava/lang/Class$AnnotationData;' @84  
[error occurred during error reporting (printing register info), id 0xc0000005, EXCEPTION_ACCESS_VIOLATION (0xc0000005) at pc=0x00007ffa39f435ad]
R15={method} {0x000001cd8f006f70} 'toString' '()Ljava/lang/String;' in 'java/lang/Class'

Top of Stack: (sp=0x00000069d97ffb20)
0x00000069d97ffb20:   0000000000000001 00007ffa39ba1a96
0x00000069d97ffb30:   00008da9d067a508 00000069d97ffcf0
0x00000069d97ffb40:   0000000000000008 00007ffa39ba18ff
0x00000069d97ffb50:   000001cde8efa8a0 00000069d97ffcf0
0x00000069d97ffb60:   000001cd8f006f60 00000069d97ffcf0
0x00000069d97ffb70:   00000007ffba2344 00007ffa39b9f4ad
0x00000069d97ffb80:   00000007ffba232c 00007ffa39b9fb2d
0x00000069d97ffb90:   00000007ffba14dc 000001cd8f03d850
0x00000069d97ffba0:   00000069d97ffcb0 0000000000000001
0x00000069d97ffbb0:   000001cd8f006c70 00007ffa39b9eec2
0x00000069d97ffbc0:   000000000000000e 00000069d97ffcf0
0x00000069d97ffbd0:   00000007ffba22d8 00000007ffba0d00
0x00000069d97ffbe0:   000001cde8efa8a0 00007ffa39bbe9e0
0x00000069d97ffbf0:   00000007ffba22d8 000001cde8edeb30
0x00000069d97ffc00:   00000069d97ffcb0 000001cde8edeb30
0x00000069d97ffc10:   00000007ffba22d8 00007ffa39bbb231
0x00000069d97ffc20:   000000001f47445b 00000069d96ff770
0x00000069d97ffc30:   00000007061813d8 00007ffa39bbc864
0x00000069d97ffc40:   000000001f480000 00007ffa39bbcdbc
0x00000069d97ffc50:   00000007ffba2298 000000001f47445b
0x00000069d97ffc60:   0000000000000001 000001cde8efa8a0
0x00000069d97ffc70:   0000000000000002 0000000000000001
0x00000069d97ffc80:   000001cde8efa8a0 00007ffa39bbbb03
0x00000069d97ffc90:   0000000000000555 0000000000000000
0x00000069d97ffca0:   00000069d96ff701 0000000000000000
0x00000069d97ffcb0:   000001cde8edeb20 000001cde8efa8a0
0x00000069d97ffcc0:   00000007ffa0e038 000000000003e3f9
0x00000069d97ffcd0:   00000007ffa0e038 000000000003e3f9
0x00000069d97ffce0:   00000000fffffffd 00007ffa39f574b2
0x00000069d97ffcf0:   00007ffa3a2b0148 000001cdf95474c0
0x00000069d97ffd00:   0000000700000003 000001cde8e8c3d0
0x00000069d97ffd10:   000001cde8efa8a0 00007ffa39f260a5 

Instructions: (pc=0x00007ffa39ba1a65)
0x00007ffa39ba1965:   05 75 35 48 8b 83 a8 00 00 00 48 39 83 a0 00 00
0x00007ffa39ba1975:   00 73 10 48 8b 83 c0 00 00 00 48 39 83 b8 00 00
0x00007ffa39ba1985:   00 72 7f 48 8b cb e8 40 c2 01 00 b0 01 48 8b 5c
0x00007ffa39ba1995:   24 30 48 83 c4 20 5f c3 48 8b 53 30 44 8b 82 80
0x00007ffa39ba19a5:   00 00 00 8b 82 00 01 00 00 41 8b c8 2b c8 81 e1
0x00007ffa39ba19b5:   ff ff 01 00 81 f9 fe ff 01 00 72 2c 48 8b cb e8
0x00007ffa39ba19c5:   d7 b5 01 00 48 8b 53 30 44 8b 82 80 00 00 00 8b
0x00007ffa39ba19d5:   82 00 01 00 00 41 8b c8 2b c8 81 e1 ff ff 01 00
0x00007ffa39ba19e5:   81 f9 fe ff 01 00 73 1a 48 8b 82 80 01 00 00 4a
0x00007ffa39ba19f5:   89 3c c0 41 8d 40 01 25 ff ff 01 00 89 82 80 00
0x00007ffa39ba1a05:   00 00 48 8b 5c 24 30 b0 01 48 83 c4 20 5f c3 cc
0x00007ffa39ba1a15:   cc cc cc cc cc cc cc cc cc cc cc 48 89 6c 24 10
0x00007ffa39ba1a25:   48 89 74 24 18 57 48 83 ec 20 4c 8b 51 08 48 8b
0x00007ffa39ba1a35:   f1 4d 8b c8 8b ea 49 8b f8 41 8b 8a 18 02 00 00
0x00007ffa39ba1a45:   49 8b 82 10 02 00 00 48 d3 e0 8b 0d 1b c8 97 00
0x00007ffa39ba1a55:   4c 2b c8 49 8b 82 f8 01 00 00 49 d3 e9 45 8b c9
0x00007ffa39ba1a65:   4a 8b 04 c8 48 8b 40 60 4c 3b c0 72 12 32 c0 48
0x00007ffa39ba1a75:   8b 6c 24 38 48 8b 74 24 40 48 83 c4 20 5f c3 48
0x00007ffa39ba1a85:   8b 46 10 48 8d 4e 10 48 8b d7 48 89 5c 24 30 ff
0x00007ffa39ba1a95:   10 8b 4e 28 48 8b d7 48 2b 56 18 48 8b 46 30 48
0x00007ffa39ba1aa5:   c1 ea 03 48 d3 ea 48 8b ca 48 c1 e9 06 4c 8d 04
0x00007ffa39ba1ab5:   c8 0f b6 ca 49 8b 00 80 e1 3f ba 01 00 00 00 48
0x00007ffa39ba1ac5:   d3 e2 48 8b c8 48 0b ca 48 3b c8 74 12 f0 49 0f
0x00007ffa39ba1ad5:   b1 08 74 25 48 8b c8 48 0b ca 48 3b c8 75 ee 32
0x00007ffa39ba1ae5:   db 48 8b 6c 24 38 0f b6 c3 48 8b 5c 24 30 48 8b
0x00007ffa39ba1af5:   74 24 40 48 83 c4 20 5f c3 80 3d 2c 0c 91 00 00
0x00007ffa39ba1b05:   b3 01 74 15 8b 57 08 8b 0d 96 f4 90 00 48 d3 e2
0x00007ffa39ba1b15:   48 03 15 84 f4 90 00 eb 04 48 8b 57 08 48 8b cf
0x00007ffa39ba1b25:   e8 06 ae ce ff 48 8b 8e b8 02 00 00 4c 8b d8 4c
0x00007ffa39ba1b35:   8b 0c e9 49 8b 51 18 8b 8a 18 02 00 00 4c 8b 82
0x00007ffa39ba1b45:   10 02 00 00 41 8b 51 60 49 d3 e0 8b 0d 1a c7 97
0x00007ffa39ba1b55:   00 49 2b f8 48 d3 ef 44 8b d7 49 23 d2 48 c1 e2 


Stack slot to memory mapping:

stack at sp + 0 slots: 0x0000000000000001 is an unknown value
stack at sp + 1 slots: 0x00007ffa39ba1a96 jvm.dll
stack at sp + 2 slots: 0x00008da9d067a508 is an unknown value
stack at sp + 3 slots: 0x00000069d97ffcf0 points into unknown readable memory: 0x00007ffa3a2b0148 | 48 01 2b 3a fa 7f 00 00
stack at sp + 4 slots: 0x0000000000000008 is an unknown value
stack at sp + 5 slots: 0x00007ffa39ba18ff jvm.dll
stack at sp + 6 slots: 0x000001cde8efa8a0 points into unknown readable memory: 0x00007ffa3a2b0128 | 28 01 2b 3a fa 7f 00 00
stack at sp + 7 slots: 0x00000069d97ffcf0 points into unknown readable memory: 0x00007ffa3a2b0148 | 48 01 2b 3a fa 7f 00 00


---------------  P R O C E S S  ---------------

Threads class SMR info:
_java_thread_list=0x000001cdfe8ba270, length=15, elements={
0x000001cde8e78610, 0x000001cdf957ade0, 0x000001cdf957db10, 0x000001cdf9589740,
0x000001cdf958a1a0, 0x000001cdf958ac00, 0x000001cdf9594680, 0x000001cdf9598910,
0x000001cdf959b3d0, 0x000001cdf97c4300, 0x000001cdf97c5d40, 0x000001cdf97c2f50,
0x000001cdfe1cd300, 0x000001cdfe700af0, 0x000001cdf97c4990
}

Java Threads: ( => current thread )
  0x000001cde8e78610 JavaThread "main"                              [_thread_in_Java, id=53688, stack(0x00000069d9400000,0x00000069d9500000) (1024K)]
  0x000001cdf957ade0 JavaThread "Reference Handler"          daemon [_thread_blocked, id=24668, stack(0x00000069d9c00000,0x00000069d9d00000) (1024K)]
  0x000001cdf957db10 JavaThread "Finalizer"                  daemon [_thread_blocked, id=54012, stack(0x00000069d9d00000,0x00000069d9e00000) (1024K)]
  0x000001cdf9589740 JavaThread "Signal Dispatcher"          daemon [_thread_blocked, id=34652, stack(0x00000069d9e00000,0x00000069d9f00000) (1024K)]
  0x000001cdf958a1a0 JavaThread "Attach Listener"            daemon [_thread_blocked, id=27000, stack(0x00000069d9f00000,0x00000069da000000) (1024K)]
  0x000001cdf958ac00 JavaThread "Service Thread"             daemon [_thread_blocked, id=50072, stack(0x00000069da000000,0x00000069da100000) (1024K)]
  0x000001cdf9594680 JavaThread "Monitor Deflation Thread"   daemon [_thread_blocked, id=11860, stack(0x00000069da100000,0x00000069da200000) (1024K)]
  0x000001cdf9598910 JavaThread "C2 CompilerThread0"         daemon [_thread_in_native, id=54920, stack(0x00000069da200000,0x00000069da300000) (1024K)]
  0x000001cdf959b3d0 JavaThread "C1 CompilerThread0"         daemon [_thread_blocked, id=24164, stack(0x00000069da300000,0x00000069da400000) (1024K)]
  0x000001cdf97c4300 JavaThread "Common-Cleaner"             daemon [_thread_blocked, id=55368, stack(0x00000069da400000,0x00000069da500000) (1024K)]
  0x000001cdf97c5d40 JavaThread "Monitor Ctrl-Break"         daemon [_thread_in_native, id=54200, stack(0x00000069da500000,0x00000069da600000) (1024K)]
  0x000001cdf97c2f50 JavaThread "Notification Thread"        daemon [_thread_blocked, id=20364, stack(0x00000069da600000,0x00000069da700000) (1024K)]
  0x000001cdfe1cd300 JavaThread "C2 CompilerThread1"         daemon [_thread_in_native, id=16400, stack(0x00000069da700000,0x00000069da800000) (1024K)]
  0x000001cdfe700af0 JavaThread "C2 CompilerThread2"         daemon [_thread_in_native, id=57784, stack(0x00000069da800000,0x00000069da900000) (1024K)]
  0x000001cdf97c4990 JavaThread "Thread-1"                   daemon [_thread_blocked, id=21132, stack(0x00000069db200000,0x00000069db300000) (1024K)]
Total: 15

Other Threads:
  0x000001cdf95608d0 VMThread "VM Thread"                           [id=3364, stack(0x00000069d9b00000,0x00000069d9c00000) (1024K)]
  0x000001cdf954b1c0 WatcherThread "VM Periodic Task Thread"        [id=47964, stack(0x00000069d9a00000,0x00000069d9b00000) (1024K)]
  0x000001cde8ede520 WorkerThread "GC Thread#0"                     [id=224, stack(0x00000069d9500000,0x00000069d9600000) (1024K)]
  0x000001cdfe7019b0 WorkerThread "GC Thread#1"                     [id=26184, stack(0x00000069da900000,0x00000069daa00000) (1024K)]
  0x000001cdfe69c3f0 WorkerThread "GC Thread#2"                     [id=19116, stack(0x00000069daa00000,0x00000069dab00000) (1024K)]
  0x000001cdfe69cda0 WorkerThread "GC Thread#3"                     [id=56432, stack(0x00000069dab00000,0x00000069dac00000) (1024K)]
  0x000001cdfe69d140 WorkerThread "GC Thread#4"                     [id=54676, stack(0x00000069dac00000,0x00000069dad00000) (1024K)]
  0x000001cdfe69d4e0 WorkerThread "GC Thread#5"                     [id=11440, stack(0x00000069dad00000,0x00000069dae00000) (1024K)]
  0x000001cdfe2d9080 WorkerThread "GC Thread#6"                     [id=44364, stack(0x00000069dae00000,0x00000069daf00000) (1024K)]
  0x000001cdfe3989b0 WorkerThread "GC Thread#7"                     [id=48020, stack(0x00000069daf00000,0x00000069db000000) (1024K)]
  0x000001cdfe98c280 WorkerThread "GC Thread#8"                     [id=15580, stack(0x00000069db000000,0x00000069db100000) (1024K)]
  0x000001cdfecf1a90 WorkerThread "GC Thread#9"                     [id=44464, stack(0x00000069db100000,0x00000069db200000) (1024K)]
  0x000001cde8eeee90 ConcurrentGCThread "G1 Main Marker"            [id=44332, stack(0x00000069d9600000,0x00000069d9700000) (1024K)]
=>0x000001cde8ef0350 WorkerThread "G1 Conc#0"                       [id=19716, stack(0x00000069d9700000,0x00000069d9800000) (1024K)]
  0x000001cdd03a4e30 WorkerThread "G1 Conc#1"                       [id=20168, stack(0x00000069db300000,0x00000069db400000) (1024K)]
  0x000001cdd03a51d0 WorkerThread "G1 Conc#2"                       [id=54380, stack(0x00000069db400000,0x00000069db500000) (1024K)]
  0x000001cdf941d9f0 ConcurrentGCThread "G1 Refine#0"               [id=21304, stack(0x00000069d9800000,0x00000069d9900000) (1024K)]
  0x000001cdf941e470 ConcurrentGCThread "G1 Service"                [id=31328, stack(0x00000069d9900000,0x00000069d9a00000) (1024K)]
Total: 18

Threads with active compile tasks:
C2 CompilerThread0     5700 7135       4       com.sun.tools.javac.code.Type$ClassType::getTypeArguments (30 bytes)
C1 CompilerThread0     5700 7846   !   3       org.mapstruct.ap.shaded.freemarker.core.FMParserTokenManager::getNextToken (624 bytes)
C2 CompilerThread1     5700 7415   !   4       lombok.core.AST::buildWithField0 (121 bytes)
C2 CompilerThread2     5700 7585   !   4       com.sun.tools.javac.jvm.PoolReader::resolve (400 bytes)
Total: 4

VM state: not at safepoint (normal execution)

VM Mutex/Monitor currently owned by a thread: None

Heap address: 0x0000000705800000, size: 4008 MB, Compressed Oops mode: Zero based, Oop shift amount: 3

CDS archive(s) mapped at: [0x000001cd8f000000-0x000001cd8fc90000-0x000001cd8fc90000), size 13172736, SharedBaseAddress: 0x000001cd8f000000, ArchiveRelocationMode: 1.
Compressed class space mapped at: 0x000001cd90000000-0x000001cdd0000000, reserved size: 1073741824
Narrow klass base: 0x000001cd8f000000, Narrow klass shift: 0, Narrow klass range: 0x100000000

GC Precious Log:
 CardTable entry size: 512
 Card Set container configuration: InlinePtr #cards 4 size 8 Array Of Cards #cards 16 size 48 Howl #buckets 8 coarsen threshold 3686 Howl Bitmap #cards 512 size 80 coarsen threshold 460 Card regions per heap region 1 cards per card region 4096
 CPUs: 12 total, 12 available
 Memory: 16025M
 Large Page Support: Disabled
 NUMA Support: Disabled
 Compressed Oops: Enabled (Zero based)
 Heap Region Size: 2M
 Heap Min Capacity: 8M
 Heap Initial Capacity: 252M
 Heap Max Capacity: 4008M
 Pre-touch: Disabled
 Parallel Workers: 10
 Concurrent Workers: 3
 Concurrent Refinement Workers: 10
 Periodic GC: Disabled

Heap:
 garbage-first heap   total 147456K, used 55151K [0x0000000705800000, 0x0000000800000000)
  region size 2048K, 3 young (6144K), 1 survivors (2048K)
 Metaspace       used 36267K, committed 36736K, reserved 1114112K
  class space    used 4218K, committed 4480K, reserved 1048576K

Heap Regions: E=young(eden), S=young(survivor), O=old, HS=humongous(starts), HC=humongous(continues), CS=collection set, F=free, TAMS=top-at-mark-start, PB=parsable bottom
|   0|0x0000000705800000, 0x0000000705a00000, 0x0000000705a00000|100%| O|  |TAMS 0x0000000705a00000| PB 0x0000000705800000| Untracked 
|   1|0x0000000705a00000, 0x0000000705c00000, 0x0000000705c00000|100%| O|  |TAMS 0x0000000705c00000| PB 0x0000000705a00000| Untracked 
|   2|0x0000000705c00000, 0x0000000705e00000, 0x0000000705e00000|100%| O|  |TAMS 0x0000000705e00000| PB 0x0000000705c00000| Untracked 
|   3|0x0000000705e00000, 0x0000000706000000, 0x0000000706000000|100%|HS|  |TAMS 0x0000000706000000| PB 0x0000000705e00000| Complete 
|   4|0x0000000706000000, 0x0000000706200000, 0x0000000706200000|100%| O|  |TAMS 0x0000000706200000| PB 0x0000000706000000| Untracked 
|   5|0x0000000706200000, 0x0000000706400000, 0x0000000706400000|100%| O|  |TAMS 0x0000000706400000| PB 0x0000000706200000| Untracked 
|   6|0x0000000706400000, 0x0000000706600000, 0x0000000706600000|100%| O|  |TAMS 0x0000000706600000| PB 0x0000000706400000| Untracked 
|   7|0x0000000706600000, 0x0000000706800000, 0x0000000706800000|100%| O|  |TAMS 0x0000000706800000| PB 0x0000000706600000| Untracked 
|   8|0x0000000706800000, 0x0000000706a00000, 0x0000000706a00000|100%| O|  |TAMS 0x0000000706a00000| PB 0x0000000706800000| Untracked 
|   9|0x0000000706a00000, 0x0000000706c00000, 0x0000000706c00000|100%| O|  |TAMS 0x0000000706c00000| PB 0x0000000706a00000| Untracked 
|  10|0x0000000706c00000, 0x0000000706e00000, 0x0000000706e00000|100%| O|  |TAMS 0x0000000706c00000| PB 0x0000000706c00000| Untracked 
|  11|0x0000000706e00000, 0x0000000707000000, 0x0000000707000000|100%| O|  |TAMS 0x0000000707000000| PB 0x0000000706e00000| Untracked 
|  12|0x0000000707000000, 0x0000000707200000, 0x0000000707200000|100%| O|  |TAMS 0x0000000707200000| PB 0x0000000707000000| Untracked 
|  13|0x0000000707200000, 0x0000000707400000, 0x0000000707400000|100%| O|  |TAMS 0x0000000707400000| PB 0x0000000707200000| Untracked 
|  14|0x0000000707400000, 0x0000000707600000, 0x0000000707600000|100%| O|  |TAMS 0x0000000707600000| PB 0x0000000707400000| Untracked 
|  15|0x0000000707600000, 0x0000000707800000, 0x0000000707800000|100%| O|  |TAMS 0x0000000707800000| PB 0x0000000707600000| Untracked 
|  16|0x0000000707800000, 0x0000000707a00000, 0x0000000707a00000|100%| O|  |TAMS 0x0000000707a00000| PB 0x0000000707800000| Untracked 
|  17|0x0000000707a00000, 0x0000000707c00000, 0x0000000707c00000|100%| O|  |TAMS 0x0000000707c00000| PB 0x0000000707a00000| Untracked 
|  18|0x0000000707c00000, 0x0000000707e00000, 0x0000000707e00000|100%| O|  |TAMS 0x0000000707e00000| PB 0x0000000707c00000| Untracked 
|  19|0x0000000707e00000, 0x0000000708000000, 0x0000000708000000|100%| O|  |TAMS 0x0000000707f0a580| PB 0x0000000707e00000| Untracked 
|  20|0x0000000708000000, 0x0000000708200000, 0x0000000708200000|100%| O|  |TAMS 0x0000000708000000| PB 0x0000000708000000| Untracked 
|  21|0x0000000708200000, 0x0000000708400000, 0x0000000708400000|100%| O|  |TAMS 0x0000000708200000| PB 0x0000000708200000| Untracked 
|  22|0x0000000708400000, 0x000000070849de80, 0x0000000708600000| 30%| O|  |TAMS 0x0000000708400000| PB 0x0000000708400000| Untracked 
|  23|0x0000000708600000, 0x0000000708600000, 0x0000000708800000|  0%| F|  |TAMS 0x0000000708600000| PB 0x0000000708600000| Untracked 
|  24|0x0000000708800000, 0x0000000708800000, 0x0000000708a00000|  0%| F|  |TAMS 0x0000000708800000| PB 0x0000000708800000| Untracked 
|  25|0x0000000708a00000, 0x0000000708a00000, 0x0000000708c00000|  0%| F|  |TAMS 0x0000000708a00000| PB 0x0000000708a00000| Untracked 
|  26|0x0000000708c00000, 0x0000000708c00000, 0x0000000708e00000|  0%| F|  |TAMS 0x0000000708c00000| PB 0x0000000708c00000| Untracked 
|  27|0x0000000708e00000, 0x0000000708e00000, 0x0000000709000000|  0%| F|  |TAMS 0x0000000708e00000| PB 0x0000000708e00000| Untracked 
|  28|0x0000000709000000, 0x0000000709000000, 0x0000000709200000|  0%| F|  |TAMS 0x0000000709000000| PB 0x0000000709000000| Untracked 
|  29|0x0000000709200000, 0x0000000709200000, 0x0000000709400000|  0%| F|  |TAMS 0x0000000709200000| PB 0x0000000709200000| Untracked 
|  30|0x0000000709400000, 0x0000000709400000, 0x0000000709600000|  0%| F|  |TAMS 0x0000000709400000| PB 0x0000000709400000| Untracked 
|  31|0x0000000709600000, 0x0000000709600000, 0x0000000709800000|  0%| F|  |TAMS 0x0000000709600000| PB 0x0000000709600000| Untracked 
|  32|0x0000000709800000, 0x0000000709800000, 0x0000000709a00000|  0%| F|  |TAMS 0x0000000709800000| PB 0x0000000709800000| Untracked 
|  33|0x0000000709a00000, 0x0000000709a00000, 0x0000000709c00000|  0%| F|  |TAMS 0x0000000709a00000| PB 0x0000000709a00000| Untracked 
|  34|0x0000000709c00000, 0x0000000709c00000, 0x0000000709e00000|  0%| F|  |TAMS 0x0000000709c00000| PB 0x0000000709c00000| Untracked 
|  35|0x0000000709e00000, 0x0000000709e00000, 0x000000070a000000|  0%| F|  |TAMS 0x0000000709e00000| PB 0x0000000709e00000| Untracked 
|  36|0x000000070a000000, 0x000000070a000000, 0x000000070a200000|  0%| F|  |TAMS 0x000000070a000000| PB 0x000000070a000000| Untracked 
|  37|0x000000070a200000, 0x000000070a200000, 0x000000070a400000|  0%| F|  |TAMS 0x000000070a200000| PB 0x000000070a200000| Untracked 
|  38|0x000000070a400000, 0x000000070a400000, 0x000000070a600000|  0%| F|  |TAMS 0x000000070a400000| PB 0x000000070a400000| Untracked 
|  39|0x000000070a600000, 0x000000070a600000, 0x000000070a800000|  0%| F|  |TAMS 0x000000070a600000| PB 0x000000070a600000| Untracked 
|  40|0x000000070a800000, 0x000000070a800000, 0x000000070aa00000|  0%| F|  |TAMS 0x000000070a800000| PB 0x000000070a800000| Untracked 
|  41|0x000000070aa00000, 0x000000070aa00000, 0x000000070ac00000|  0%| F|  |TAMS 0x000000070aa00000| PB 0x000000070aa00000| Untracked 
|  42|0x000000070ac00000, 0x000000070ac00000, 0x000000070ae00000|  0%| F|  |TAMS 0x000000070ac00000| PB 0x000000070ac00000| Untracked 
|  43|0x000000070ae00000, 0x000000070ae00000, 0x000000070b000000|  0%| F|  |TAMS 0x000000070ae00000| PB 0x000000070ae00000| Untracked 
|  44|0x000000070b000000, 0x000000070b000000, 0x000000070b200000|  0%| F|  |TAMS 0x000000070b000000| PB 0x000000070b000000| Untracked 
|  45|0x000000070b200000, 0x000000070b200000, 0x000000070b400000|  0%| F|  |TAMS 0x000000070b200000| PB 0x000000070b200000| Untracked 
|  46|0x000000070b400000, 0x000000070b400000, 0x000000070b600000|  0%| F|  |TAMS 0x000000070b400000| PB 0x000000070b400000| Untracked 
|  47|0x000000070b600000, 0x000000070b600000, 0x000000070b800000|  0%| F|  |TAMS 0x000000070b600000| PB 0x000000070b600000| Untracked 
|  48|0x000000070b800000, 0x000000070b800000, 0x000000070ba00000|  0%| F|  |TAMS 0x000000070b800000| PB 0x000000070b800000| Untracked 
|  49|0x000000070ba00000, 0x000000070bb3dfc0, 0x000000070bc00000| 62%| S|CS|TAMS 0x000000070ba00000| PB 0x000000070ba00000| Complete 
|  50|0x000000070bc00000, 0x000000070bc00000, 0x000000070be00000|  0%| F|  |TAMS 0x000000070bc00000| PB 0x000000070bc00000| Untracked 
|  51|0x000000070be00000, 0x000000070be00000, 0x000000070c000000|  0%| F|  |TAMS 0x000000070be00000| PB 0x000000070be00000| Untracked 
|  52|0x000000070c000000, 0x000000070c000000, 0x000000070c200000|  0%| F|  |TAMS 0x000000070c000000| PB 0x000000070c000000| Untracked 
|  53|0x000000070c200000, 0x000000070c200000, 0x000000070c400000|  0%| F|  |TAMS 0x000000070c200000| PB 0x000000070c200000| Untracked 
|  54|0x000000070c400000, 0x000000070c400000, 0x000000070c600000|  0%| F|  |TAMS 0x000000070c400000| PB 0x000000070c400000| Untracked 
|  55|0x000000070c600000, 0x000000070c600000, 0x000000070c800000|  0%| F|  |TAMS 0x000000070c600000| PB 0x000000070c600000| Untracked 
|  56|0x000000070c800000, 0x000000070c800000, 0x000000070ca00000|  0%| F|  |TAMS 0x000000070c800000| PB 0x000000070c800000| Untracked 
|  57|0x000000070ca00000, 0x000000070ca00000, 0x000000070cc00000|  0%| F|  |TAMS 0x000000070ca00000| PB 0x000000070ca00000| Untracked 
|  58|0x000000070cc00000, 0x000000070cc00000, 0x000000070ce00000|  0%| F|  |TAMS 0x000000070cc00000| PB 0x000000070cc00000| Untracked 
|  59|0x000000070ce00000, 0x000000070ce00000, 0x000000070d000000|  0%| F|  |TAMS 0x000000070ce00000| PB 0x000000070ce00000| Untracked 
|  60|0x000000070d000000, 0x000000070d000000, 0x000000070d200000|  0%| F|  |TAMS 0x000000070d000000| PB 0x000000070d000000| Untracked 
|  61|0x000000070d200000, 0x000000070d200000, 0x000000070d400000|  0%| F|  |TAMS 0x000000070d200000| PB 0x000000070d200000| Untracked 
|  62|0x000000070d400000, 0x000000070d400000, 0x000000070d600000|  0%| F|  |TAMS 0x000000070d400000| PB 0x000000070d400000| Untracked 
|  63|0x000000070d600000, 0x000000070d600000, 0x000000070d800000|  0%| F|  |TAMS 0x000000070d600000| PB 0x000000070d600000| Untracked 
|  64|0x000000070d800000, 0x000000070d800000, 0x000000070da00000|  0%| F|  |TAMS 0x000000070d800000| PB 0x000000070d800000| Untracked 
| 113|0x0000000713a00000, 0x0000000713a00000, 0x0000000713c00000|  0%| F|  |TAMS 0x0000000713a00000| PB 0x0000000713a00000| Untracked 
| 114|0x0000000713c00000, 0x0000000713d00800, 0x0000000713e00000| 50%| E|  |TAMS 0x0000000713c00000| PB 0x0000000713c00000| Complete 
| 115|0x0000000713e00000, 0x0000000714000000, 0x0000000714000000|100%| E|CS|TAMS 0x0000000713e00000| PB 0x0000000713e00000| Complete 
| 125|0x0000000715200000, 0x0000000715400000, 0x0000000715400000|100%| E|CS|TAMS 0x0000000715200000| PB 0x0000000715200000| Complete 
|2001|0x00000007ffa00000, 0x00000007ffc00000, 0x00000007ffc00000|100%| O|  |TAMS 0x00000007ffc00000| PB 0x00000007ffa00000| Untracked 
|2002|0x00000007ffc00000, 0x00000007ffe00000, 0x00000007ffe00000|100%| O|  |TAMS 0x00000007ffe00000| PB 0x00000007ffc00000| Untracked 
|2003|0x00000007ffe00000, 0x0000000800000000, 0x0000000800000000|100%| O|  |TAMS 0x0000000800000000| PB 0x00000007ffe00000| Untracked 

Card table byte_map: [0x000001cdf22a0000,0x000001cdf2a80000] _byte_map_base: 0x000001cdeea74000

Marking Bits: (CMBitMap*) 0x000001cde8edeb30
 Bits: [0x000001cdf2a80000, 0x000001cdf6920000)

Polling page: 0x000001cde8640000

Metaspace:

Usage:
  Non-class:     31.30 MB used.
      Class:      4.12 MB used.
       Both:     35.42 MB used.

Virtual space:
  Non-class space:       64.00 MB reserved,      31.50 MB ( 49%) committed,  1 nodes.
      Class space:        1.00 GB reserved,       4.38 MB ( <1%) committed,  1 nodes.
             Both:        1.06 GB reserved,      35.88 MB (  3%) committed. 

Chunk freelists:
   Non-Class:  64.00 KB
       Class:  11.47 MB
        Both:  11.53 MB

MaxMetaspaceSize: unlimited
CompressedClassSpaceSize: 1.00 GB
Initial GC threshold: 21.00 MB
Current GC threshold: 35.88 MB
CDS: on
 - commit_granule_bytes: 65536.
 - commit_granule_words: 8192.
 - virtual_space_node_default_size: 8388608.
 - enlarge_chunks_in_place: 1.
 - use_allocation_guard: 0.


Internal statistics:

num_allocs_failed_limit: 11.
num_arena_births: 492.
num_arena_deaths: 0.
num_vsnodes_births: 2.
num_vsnodes_deaths: 0.
num_space_committed: 574.
num_space_uncommitted: 0.
num_chunks_returned_to_freelist: 11.
num_chunks_taken_from_freelist: 1811.
num_chunk_merges: 8.
num_chunk_splits: 1293.
num_chunks_enlarged: 983.
num_inconsistent_stats: 0.

CodeHeap 'non-profiled nmethods': size=120000Kb used=4751Kb max_used=4751Kb free=115248Kb
 bounds [0x000001cd87ad0000, 0x000001cd87f80000, 0x000001cd8f000000]
CodeHeap 'profiled nmethods': size=120000Kb used=17731Kb max_used=17731Kb free=102268Kb
 bounds [0x000001cd80000000, 0x000001cd81160000, 0x000001cd87530000]
CodeHeap 'non-nmethods': size=5760Kb used=1511Kb max_used=1603Kb free=4248Kb
 bounds [0x000001cd87530000, 0x000001cd877a0000, 0x000001cd87ad0000]
 total_blobs=8418 nmethods=7836 adapters=486
 compilation: enabled
              stopped_count=0, restarted_count=0
 full_count=0

Compilation events (20 events):
Event: 5.647 Thread 0x000001cdf959b3d0 7757       1       java.util.TreeMap$Entry::getValue (5 bytes)
Event: 5.647 Thread 0x000001cdf959b3d0 nmethod 7757 0x000001cd87f56890 code [0x000001cd87f56a20, 0x000001cd87f56af0]
Event: 5.648 Thread 0x000001cdf959b3d0 7761       2       java.util.LinkedList$ListItr::hasNext (20 bytes)
Event: 5.648 Thread 0x000001cdf959b3d0 nmethod 7761 0x000001cd81128a90 code [0x000001cd81128c20, 0x000001cd81128d48]
Event: 5.648 Thread 0x000001cdf959b3d0 7762       2       java.util.AbstractList::listIterator (6 bytes)
Event: 5.648 Thread 0x000001cdf959b3d0 nmethod 7762 0x000001cd81128e10 code [0x000001cd81128fc0, 0x000001cd811290f8]
Event: 5.648 Thread 0x000001cdf959b3d0 7763       2       org.mapstruct.ap.shaded.freemarker.ext.beans.ExecutableMemberSignature::equals (48 bytes)
Event: 5.648 Thread 0x000001cdfe700af0 nmethod 7693 0x000001cd87f56b90 code [0x000001cd87f56d40, 0x000001cd87f57060]
Event: 5.648 Thread 0x000001cdf959b3d0 nmethod 7763 0x000001cd81129190 code [0x000001cd81129340, 0x000001cd811295a0]
Event: 5.648 Thread 0x000001cdfe700af0 7697       4       java.lang.String::lastIndexOf (29 bytes)
Event: 5.648 Thread 0x000001cdf959b3d0 7764       2       java.beans.MethodRef::get (91 bytes)
Event: 5.649 Thread 0x000001cdf959b3d0 nmethod 7764 0x000001cd81129710 code [0x000001cd81129900, 0x000001cd81129e28]
Event: 5.649 Thread 0x000001cdf959b3d0 7765       1       org.mapstruct.ap.shaded.freemarker.ext.beans.MemberSelectorListMemberAccessPolicy::access$600 (5 bytes)
Event: 5.649 Thread 0x000001cdf959b3d0 nmethod 7765 0x000001cd87f57310 code [0x000001cd87f574a0, 0x000001cd87f57550]
Event: 5.650 Thread 0x000001cdfe700af0 nmethod 7697 0x000001cd87f57610 code [0x000001cd87f577a0, 0x000001cd87f57908]
Event: 5.650 Thread 0x000001cdfe700af0 7572       4       java.util.stream.Sink$ChainedReference::cancellationRequested (10 bytes)
Event: 5.650 Thread 0x000001cdfe700af0 nmethod 7572 0x000001cd87f57a10 code [0x000001cd87f57ba0, 0x000001cd87f57c58]
Event: 5.650 Thread 0x000001cdfe700af0 7585   !   4       com.sun.tools.javac.jvm.PoolReader::resolve (400 bytes)
Event: 5.661 Thread 0x000001cdf959b3d0 7766       2       java.lang.invoke.LambdaFormBuffer::insertName (106 bytes)
Event: 5.661 Thread 0x000001cdf959b3d0 nmethod 7766 0x000001cd8112a010 code [0x000001cd8112a1c0, 0x000001cd8112a360]

GC Heap History (16 events):
Event: 0.488 GC heap before
{Heap before GC invocations=0 (full 0):
 garbage-first heap   total 258048K, used 22528K [0x0000000705800000, 0x0000000800000000)
  region size 2048K, 11 young (22528K), 0 survivors (0K)
 Metaspace       used 6011K, committed 6144K, reserved 1114112K
  class space    used 693K, committed 768K, reserved 1048576K
}
Event: 0.493 GC heap after
{Heap after GC invocations=1 (full 0):
 garbage-first heap   total 258048K, used 4096K [0x0000000705800000, 0x0000000800000000)
  region size 2048K, 2 young (4096K), 2 survivors (4096K)
 Metaspace       used 6011K, committed 6144K, reserved 1114112K
  class space    used 693K, committed 768K, reserved 1048576K
}
Event: 0.883 GC heap before
{Heap before GC invocations=1 (full 0):
 garbage-first heap   total 258048K, used 36864K [0x0000000705800000, 0x0000000800000000)
  region size 2048K, 18 young (36864K), 2 survivors (4096K)
 Metaspace       used 9963K, committed 10112K, reserved 1114112K
  class space    used 1168K, committed 1280K, reserved 1048576K
}
Event: 0.887 GC heap after
{Heap after GC invocations=2 (full 0):
 garbage-first heap   total 258048K, used 5307K [0x0000000705800000, 0x0000000800000000)
  region size 2048K, 1 young (2048K), 1 survivors (2048K)
 Metaspace       used 9963K, committed 10112K, reserved 1114112K
  class space    used 1168K, committed 1280K, reserved 1048576K
}
Event: 3.143 GC heap before
{Heap before GC invocations=2 (full 0):
 garbage-first heap   total 258048K, used 189627K [0x0000000705800000, 0x0000000800000000)
  region size 2048K, 75 young (153600K), 1 survivors (2048K)
 Metaspace       used 18872K, committed 19200K, reserved 1114112K
  class space    used 2111K, committed 2240K, reserved 1048576K
}
Event: 3.154 GC heap after
{Heap after GC invocations=3 (full 0):
 garbage-first heap   total 258048K, used 17386K [0x0000000705800000, 0x0000000800000000)
  region size 2048K, 7 young (14336K), 7 survivors (14336K)
 Metaspace       used 18872K, committed 19200K, reserved 1114112K
  class space    used 2111K, committed 2240K, reserved 1048576K
}
Event: 3.452 GC heap before
{Heap before GC invocations=3 (full 0):
 garbage-first heap   total 258048K, used 39914K [0x0000000705800000, 0x0000000800000000)
  region size 2048K, 17 young (34816K), 7 survivors (14336K)
 Metaspace       used 21242K, committed 21504K, reserved 1114112K
  class space    used 2392K, committed 2496K, reserved 1048576K
}
Event: 3.462 GC heap after
{Heap after GC invocations=4 (full 0):
 garbage-first heap   total 258048K, used 25965K [0x0000000705800000, 0x0000000800000000)
  region size 2048K, 3 young (6144K), 3 survivors (6144K)
 Metaspace       used 21242K, committed 21504K, reserved 1114112K
  class space    used 2392K, committed 2496K, reserved 1048576K
}
Event: 4.153 GC heap before
{Heap before GC invocations=5 (full 0):
 garbage-first heap   total 96256K, used 93549K [0x0000000705800000, 0x0000000800000000)
  region size 2048K, 36 young (73728K), 3 survivors (6144K)
 Metaspace       used 27468K, committed 27712K, reserved 1114112K
  class space    used 3099K, committed 3200K, reserved 1048576K
}
Event: 4.173 GC heap after
{Heap after GC invocations=6 (full 0):
 garbage-first heap   total 122880K, used 44354K [0x0000000705800000, 0x0000000800000000)
  region size 2048K, 10 young (20480K), 10 survivors (20480K)
 Metaspace       used 27468K, committed 27712K, reserved 1114112K
  class space    used 3099K, committed 3200K, reserved 1048576K
}
Event: 4.789 GC heap before
{Heap before GC invocations=6 (full 0):
 garbage-first heap   total 122880K, used 93506K [0x0000000705800000, 0x0000000800000000)
  region size 2048K, 34 young (69632K), 10 survivors (20480K)
 Metaspace       used 29883K, committed 30336K, reserved 1114112K
  class space    used 3366K, committed 3584K, reserved 1048576K
}
Event: 4.802 GC heap after
{Heap after GC invocations=7 (full 0):
 garbage-first heap   total 122880K, used 48169K [0x0000000705800000, 0x0000000800000000)
  region size 2048K, 2 young (4096K), 2 survivors (4096K)
 Metaspace       used 29883K, committed 30336K, reserved 1114112K
  class space    used 3366K, committed 3584K, reserved 1048576K
}
Event: 5.402 GC heap before
{Heap before GC invocations=7 (full 0):
 garbage-first heap   total 122880K, used 101417K [0x0000000705800000, 0x0000000800000000)
  region size 2048K, 28 young (57344K), 2 survivors (4096K)
 Metaspace       used 32966K, committed 33472K, reserved 1114112K
  class space    used 3739K, committed 3968K, reserved 1048576K
}
Event: 5.416 GC heap after
{Heap after GC invocations=8 (full 0):
 garbage-first heap   total 122880K, used 51741K [0x0000000705800000, 0x0000000800000000)
  region size 2048K, 4 young (8192K), 4 survivors (8192K)
 Metaspace       used 32966K, committed 33472K, reserved 1114112K
  class space    used 3739K, committed 3968K, reserved 1048576K
}
Event: 5.617 GC heap before
{Heap before GC invocations=8 (full 0):
 garbage-first heap   total 122880K, used 61981K [0x0000000705800000, 0x0000000800000000)
  region size 2048K, 11 young (22528K), 4 survivors (8192K)
 Metaspace       used 35711K, committed 36096K, reserved 1114112K
  class space    used 4152K, committed 4352K, reserved 1048576K
}
Event: 5.634 GC heap after
{Heap after GC invocations=9 (full 0):
 garbage-first heap   total 147456K, used 53103K [0x0000000705800000, 0x0000000800000000)
  region size 2048K, 1 young (2048K), 1 survivors (2048K)
 Metaspace       used 35711K, committed 36096K, reserved 1114112K
  class space    used 4152K, committed 4352K, reserved 1048576K
}

Dll operation events (12 events):
Event: 0.005 Loaded shared library C:\Users\truonglq\.jdks\corretto-21.0.4\bin\java.dll
Event: 0.041 Loaded shared library C:\Users\truonglq\.jdks\corretto-21.0.4\bin\jsvml.dll
Event: 0.086 Loaded shared library C:\Users\truonglq\.jdks\corretto-21.0.4\bin\zip.dll
Event: 0.091 Loaded shared library C:\Users\truonglq\.jdks\corretto-21.0.4\bin\instrument.dll
Event: 0.097 Loaded shared library C:\Users\truonglq\.jdks\corretto-21.0.4\bin\net.dll
Event: 0.099 Loaded shared library C:\Users\truonglq\.jdks\corretto-21.0.4\bin\nio.dll
Event: 0.102 Loaded shared library C:\Users\truonglq\.jdks\corretto-21.0.4\bin\zip.dll
Event: 0.112 Loaded shared library C:\Users\truonglq\AppData\Local\JetBrains\IntelliJ IDEA 2024.2.3\bin\breakgen64.dll
Event: 0.120 Loaded shared library C:\Users\truonglq\.jdks\corretto-21.0.4\bin\extnet.dll
Event: 0.181 Loaded shared library C:\Users\truonglq\.jdks\corretto-21.0.4\bin\jimage.dll
Event: 0.211 Loaded shared library C:\Users\truonglq\AppData\Local\Temp\jansi-2.4.1-f2e9548d35cb16a9-jansi.dll
Event: 0.218 Loaded shared library C:\Users\truonglq\.jdks\corretto-21.0.4\bin\verify.dll

Deoptimization events (20 events):
Event: 5.615 Thread 0x000001cde8e78610 Uncommon trap: trap_request=0xffffffde fr.pc=0x000001cd87e6668c relative=0x000000000000006c
Event: 5.615 Thread 0x000001cde8e78610 Uncommon trap: reason=class_check action=maybe_recompile pc=0x000001cd87e6668c method=java.lang.invoke.Invokers$Holder.linkToTargetMethod(Ljava/lang/Object;Ljava/lang/Object;Ljava/lang/Object;)Ljava/lang/Object; @ 1 c2
Event: 5.615 Thread 0x000001cde8e78610 DEOPT PACKING pc=0x000001cd87e6668c sp=0x00000069d94fcfb0
Event: 5.615 Thread 0x000001cde8e78610 DEOPT UNPACKING pc=0x000001cd875846a2 sp=0x00000069d94fcf38 mode 2
Event: 5.615 Thread 0x000001cde8e78610 Uncommon trap: trap_request=0xffffffde fr.pc=0x000001cd87e6668c relative=0x000000000000006c
Event: 5.615 Thread 0x000001cde8e78610 Uncommon trap: reason=class_check action=maybe_recompile pc=0x000001cd87e6668c method=java.lang.invoke.Invokers$Holder.linkToTargetMethod(Ljava/lang/Object;Ljava/lang/Object;Ljava/lang/Object;)Ljava/lang/Object; @ 1 c2
Event: 5.615 Thread 0x000001cde8e78610 DEOPT PACKING pc=0x000001cd87e6668c sp=0x00000069d94fce30
Event: 5.615 Thread 0x000001cde8e78610 DEOPT UNPACKING pc=0x000001cd875846a2 sp=0x00000069d94fcdb8 mode 2
Event: 5.615 Thread 0x000001cde8e78610 Uncommon trap: trap_request=0xffffffde fr.pc=0x000001cd87e6668c relative=0x000000000000006c
Event: 5.615 Thread 0x000001cde8e78610 Uncommon trap: reason=class_check action=maybe_recompile pc=0x000001cd87e6668c method=java.lang.invoke.Invokers$Holder.linkToTargetMethod(Ljava/lang/Object;Ljava/lang/Object;Ljava/lang/Object;)Ljava/lang/Object; @ 1 c2
Event: 5.615 Thread 0x000001cde8e78610 DEOPT PACKING pc=0x000001cd87e6668c sp=0x00000069d94fccb0
Event: 5.615 Thread 0x000001cde8e78610 DEOPT UNPACKING pc=0x000001cd875846a2 sp=0x00000069d94fcc38 mode 2
Event: 5.616 Thread 0x000001cde8e78610 Uncommon trap: trap_request=0xffffffde fr.pc=0x000001cd87e6668c relative=0x000000000000006c
Event: 5.616 Thread 0x000001cde8e78610 Uncommon trap: reason=class_check action=maybe_recompile pc=0x000001cd87e6668c method=java.lang.invoke.Invokers$Holder.linkToTargetMethod(Ljava/lang/Object;Ljava/lang/Object;Ljava/lang/Object;)Ljava/lang/Object; @ 1 c2
Event: 5.616 Thread 0x000001cde8e78610 DEOPT PACKING pc=0x000001cd87e6668c sp=0x00000069d94fcb30
Event: 5.616 Thread 0x000001cde8e78610 DEOPT UNPACKING pc=0x000001cd875846a2 sp=0x00000069d94fcab8 mode 2
Event: 5.635 Thread 0x000001cde8e78610 Uncommon trap: trap_request=0xffffffbe fr.pc=0x000001cd87be3458 relative=0x0000000000001238
Event: 5.635 Thread 0x000001cde8e78610 Uncommon trap: reason=profile_predicate action=maybe_recompile pc=0x000001cd87be3458 method=java.util.TimSort.binarySort([Ljava/lang/Object;IIILjava/util/Comparator;)V @ 34 c2
Event: 5.635 Thread 0x000001cde8e78610 DEOPT PACKING pc=0x000001cd87be3458 sp=0x00000069d94fc770
Event: 5.635 Thread 0x000001cde8e78610 DEOPT UNPACKING pc=0x000001cd875846a2 sp=0x00000069d94fc740 mode 2

Classes loaded (20 events):
Event: 5.638 Loading class com/sun/beans/introspect/EventSetInfo
Event: 5.638 Loading class com/sun/beans/introspect/EventSetInfo done
Event: 5.638 Loading class com/sun/beans/introspect/PropertyInfo
Event: 5.638 Loading class com/sun/beans/introspect/PropertyInfo done
Event: 5.638 Loading class java/beans/PropertyVetoException
Event: 5.639 Loading class java/beans/PropertyVetoException done
Event: 5.639 Loading class com/sun/beans/WildcardTypeImpl
Event: 5.639 Loading class com/sun/beans/WildcardTypeImpl done
Event: 5.640 Loading class java/beans/BeanProperty
Event: 5.640 Loading class java/beans/BeanProperty done
Event: 5.640 Loading class java/beans/Transient
Event: 5.640 Loading class java/beans/Transient done
Event: 5.640 Loading class com/sun/beans/introspect/PropertyInfo$Name
Event: 5.641 Loading class com/sun/beans/introspect/PropertyInfo$Name done
Event: 5.641 Loading class java/beans/GenericBeanInfo
Event: 5.641 Loading class java/beans/SimpleBeanInfo
Event: 5.641 Loading class java/beans/SimpleBeanInfo done
Event: 5.641 Loading class java/beans/GenericBeanInfo done
Event: 5.642 Loading class java/util/Hashtable$EntrySet
Event: 5.642 Loading class java/util/Hashtable$EntrySet done

Classes unloaded (0 events):
No events

Classes redefined (0 events):
No events

Internal exceptions (20 events):
Event: 5.435 Thread 0x000001cde8e78610 Exception <a 'sun/nio/fs/WindowsException'{0x00000007152fce00}> (0x00000007152fce00) 
thrown [s\src\hotspot\share\prims\jni.cpp, line 520]
Event: 5.435 Thread 0x000001cde8e78610 Exception <a 'sun/nio/fs/WindowsException'{0x00000007152fdbc0}> (0x00000007152fdbc0) 
thrown [s\src\hotspot\share\prims\jni.cpp, line 520]
Event: 5.435 Thread 0x000001cde8e78610 Exception <a 'sun/nio/fs/WindowsException'{0x00000007152fe808}> (0x00000007152fe808) 
thrown [s\src\hotspot\share\prims\jni.cpp, line 520]
Event: 5.524 Thread 0x000001cde8e78610 Exception <a 'sun/nio/fs/WindowsException'{0x0000000713b55ab8}> (0x0000000713b55ab8) 
thrown [s\src\hotspot\share\prims\jni.cpp, line 520]
Event: 5.526 Thread 0x000001cde8e78610 Exception <a 'sun/nio/fs/WindowsException'{0x0000000713b58030}> (0x0000000713b58030) 
thrown [s\src\hotspot\share\prims\jni.cpp, line 520]
Event: 5.526 Thread 0x000001cde8e78610 Exception <a 'sun/nio/fs/WindowsException'{0x0000000713b586c0}> (0x0000000713b586c0) 
thrown [s\src\hotspot\share\prims\jni.cpp, line 520]
Event: 5.526 Thread 0x000001cde8e78610 Exception <a 'sun/nio/fs/WindowsException'{0x0000000713b58e08}> (0x0000000713b58e08) 
thrown [s\src\hotspot\share\prims\jni.cpp, line 520]
Event: 5.526 Thread 0x000001cde8e78610 Exception <a 'sun/nio/fs/WindowsException'{0x0000000713b59540}> (0x0000000713b59540) 
thrown [s\src\hotspot\share\prims\jni.cpp, line 520]
Event: 5.526 Thread 0x000001cde8e78610 Exception <a 'sun/nio/fs/WindowsException'{0x0000000713b59c58}> (0x0000000713b59c58) 
thrown [s\src\hotspot\share\prims\jni.cpp, line 520]
Event: 5.615 Thread 0x000001cde8e78610 Exception <a 'java/lang/ClassNotFoundException'{0x000000070bcdad50}: org/mapstruct/ap/internal/model/MapperBeanInfo> (0x000000070bcdad50) 
thrown [s\src\hotspot\share\classfile\systemDictionary.cpp, line 312]
Event: 5.615 Thread 0x000001cde8e78610 Exception <a 'java/lang/ClassNotFoundException'{0x000000070bce1d98}: org/mapstruct/ap/internal/model/GeneratedTypeBeanInfo> (0x000000070bce1d98) 
thrown [s\src\hotspot\share\classfile\systemDictionary.cpp, line 312]
Event: 5.616 Thread 0x000001cde8e78610 Exception <a 'java/lang/ClassNotFoundException'{0x000000070bce8f98}: org/mapstruct/ap/internal/model/common/ModelElementBeanInfo> (0x000000070bce8f98) 
thrown [s\src\hotspot\share\classfile\systemDictionary.cpp, line 312]
Event: 5.616 Thread 0x000001cde8e78610 Exception <a 'java/lang/ClassNotFoundException'{0x000000070bcf0118}: org/mapstruct/ap/internal/writer/FreeMarkerWritableBeanInfo> (0x000000070bcf0118) 
thrown [s\src\hotspot\share\classfile\systemDictionary.cpp, line 312]
Event: 5.616 Thread 0x000001cde8e78610 Exception <a 'java/lang/ClassNotFoundException'{0x000000070bcf4d18}: java/lang/ObjectBeanInfo> (0x000000070bcf4d18) 
thrown [s\src\hotspot\share\classfile\systemDictionary.cpp, line 312]
Event: 5.616 Thread 0x000001cde8e78610 Exception <a 'java/lang/ClassNotFoundException'{0x000000070bcf9d58}: java/lang/ObjectCustomizer> (0x000000070bcf9d58) 
thrown [s\src\hotspot\share\classfile\systemDictionary.cpp, line 312]
Event: 5.637 Thread 0x000001cde8e78610 Exception <a 'java/lang/IncompatibleClassChangeError'{0x0000000715203e30}: Found class java.lang.Object, but interface was expected> (0x0000000715203e30) 
thrown [s\src\hotspot\share\interpreter\linkResolver.cpp, line 840]
Event: 5.642 Thread 0x000001cde8e78610 Exception <a 'java/lang/ClassNotFoundException'{0x00000007152144d8}: org/mapstruct/ap/internal/writer/FreeMarkerWritableCustomizer> (0x00000007152144d8) 
thrown [s\src\hotspot\share\classfile\systemDictionary.cpp, line 312]
Event: 5.642 Thread 0x000001cde8e78610 Exception <a 'java/lang/ClassNotFoundException'{0x000000071521d580}: org/mapstruct/ap/internal/model/common/ModelElementCustomizer> (0x000000071521d580) 
thrown [s\src\hotspot\share\classfile\systemDictionary.cpp, line 312]
Event: 5.644 Thread 0x000001cde8e78610 Exception <a 'java/lang/ClassNotFoundException'{0x0000000715227240}: org/mapstruct/ap/internal/model/GeneratedTypeCustomizer> (0x0000000715227240) 
thrown [s\src\hotspot\share\classfile\systemDictionary.cpp, line 312]
Event: 5.646 Thread 0x000001cde8e78610 Exception <a 'java/lang/ClassNotFoundException'{0x00000007152434b0}: org/mapstruct/ap/internal/model/MapperCustomizer> (0x00000007152434b0) 
thrown [s\src\hotspot\share\classfile\systemDictionary.cpp, line 312]

ZGC Phase Switch (0 events):
No events

VM Operations (20 events):
Event: 4.789 Executing VM operation: G1CollectForAllocation (G1 Evacuation Pause)
Event: 4.802 Executing VM operation: G1CollectForAllocation (G1 Evacuation Pause) done
Event: 5.122 Executing VM operation: ICBufferFull
Event: 5.122 Executing VM operation: ICBufferFull done
Event: 5.192 Executing VM operation: HandshakeAllThreads (Deoptimize)
Event: 5.192 Executing VM operation: HandshakeAllThreads (Deoptimize) done
Event: 5.198 Executing VM operation: HandshakeAllThreads (Deoptimize)
Event: 5.198 Executing VM operation: HandshakeAllThreads (Deoptimize) done
Event: 5.400 Executing VM operation: ICBufferFull
Event: 5.400 Executing VM operation: ICBufferFull done
Event: 5.402 Executing VM operation: G1CollectForAllocation (G1 Evacuation Pause)
Event: 5.416 Executing VM operation: G1CollectForAllocation (G1 Evacuation Pause) done
Event: 5.442 Executing VM operation: HandshakeAllThreads (Deoptimize)
Event: 5.442 Executing VM operation: HandshakeAllThreads (Deoptimize) done
Event: 5.617 Executing VM operation: CollectForMetadataAllocation (Metadata GC Threshold)
Event: 5.634 Executing VM operation: CollectForMetadataAllocation (Metadata GC Threshold) done
Event: 5.640 Executing VM operation: HandshakeAllThreads (Deoptimize)
Event: 5.640 Executing VM operation: HandshakeAllThreads (Deoptimize) done
Event: 5.657 Executing VM operation: CollectForMetadataAllocation (Metadata GC Threshold)
Event: 5.657 Executing VM operation: CollectForMetadataAllocation (Metadata GC Threshold) done

Memory protections (0 events):
No events

Nmethod flushes (0 events):
No events

Events (17 events):
Event: 0.022 Thread 0x000001cde8e78610 Thread added: 0x000001cde8e78610
Event: 0.038 Thread 0x000001cde8e78610 Thread added: 0x000001cdf957ade0
Event: 0.038 Thread 0x000001cde8e78610 Thread added: 0x000001cdf957db10
Event: 0.039 Thread 0x000001cde8e78610 Thread added: 0x000001cdf9589740
Event: 0.039 Thread 0x000001cde8e78610 Thread added: 0x000001cdf958a1a0
Event: 0.039 Thread 0x000001cde8e78610 Thread added: 0x000001cdf958ac00
Event: 0.039 Thread 0x000001cde8e78610 Thread added: 0x000001cdf9594680
Event: 0.039 Thread 0x000001cde8e78610 Thread added: 0x000001cdf9598910
Event: 0.039 Thread 0x000001cde8e78610 Thread added: 0x000001cdf959b3d0
Event: 0.065 Thread 0x000001cde8e78610 Thread added: 0x000001cdf97c4300
Event: 0.113 Thread 0x000001cde8e78610 Thread added: 0x000001cdf97c5d40
Event: 0.113 Thread 0x000001cde8e78610 Thread added: 0x000001cdf97c2f50
Event: 0.180 Thread 0x000001cde8e78610 Thread added: 0x000001cdf97c35e0
Event: 0.187 Thread 0x000001cdf97c35e0 Thread exited: 0x000001cdf97c35e0
Event: 0.262 Thread 0x000001cdf959b3d0 Thread added: 0x000001cdfe1cd300
Event: 0.481 Thread 0x000001cdf959b3d0 Thread added: 0x000001cdfe700af0
Event: 1.277 Thread 0x000001cde8e78610 Thread added: 0x000001cdf97c4990


Dynamic libraries:
0x00007ff70cf90000 - 0x00007ff70cf9e000 	C:\Users\truonglq\.jdks\corretto-21.0.4\bin\java.exe
0x00007ffac6760000 - 0x00007ffac6969000 	C:\Windows\SYSTEM32\ntdll.dll
0x00007ffac5190000 - 0x00007ffac524d000 	C:\Windows\System32\KERNEL32.DLL
0x00007ffac3da0000 - 0x00007ffac4124000 	C:\Windows\System32\KERNELBASE.dll
0x0000000074da0000 - 0x0000000074e33000 	C:\Windows\System32\SYSFER.DLL
0x00007ffac4320000 - 0x00007ffac4431000 	C:\Windows\System32\ucrtbase.dll
0x00007ffabce50000 - 0x00007ffabce68000 	C:\Users\truonglq\.jdks\corretto-21.0.4\bin\jli.dll
0x00007ffabc4d0000 - 0x00007ffabc4eb000 	C:\Users\truonglq\.jdks\corretto-21.0.4\bin\VCRUNTIME140.dll
0x00007ffac49e0000 - 0x00007ffac4b8d000 	C:\Windows\System32\USER32.dll
0x00007ffac42f0000 - 0x00007ffac4316000 	C:\Windows\System32\win32u.dll
0x00007ffaa2000000 - 0x00007ffaa22a5000 	C:\Windows\WinSxS\amd64_microsoft.windows.common-controls_6595b64144ccf1df_6.0.22000.120_none_9d947278b86cc467\COMCTL32.dll
0x00007ffac66f0000 - 0x00007ffac671a000 	C:\Windows\System32\GDI32.dll
0x00007ffac53a0000 - 0x00007ffac5443000 	C:\Windows\System32\msvcrt.dll
0x00007ffac4130000 - 0x00007ffac424e000 	C:\Windows\System32\gdi32full.dll
0x00007ffac4250000 - 0x00007ffac42ed000 	C:\Windows\System32\msvcp_win.dll
0x00007ffac65a0000 - 0x00007ffac65d1000 	C:\Windows\System32\IMM32.DLL
0x00007ffac0390000 - 0x00007ffac039c000 	C:\Users\truonglq\.jdks\corretto-21.0.4\bin\vcruntime140_1.dll
0x00007ffab7500000 - 0x00007ffab758d000 	C:\Users\truonglq\.jdks\corretto-21.0.4\bin\msvcp140.dll
0x00007ffa39880000 - 0x00007ffa3a616000 	C:\Users\truonglq\.jdks\corretto-21.0.4\bin\server\jvm.dll
0x00007ffac52f0000 - 0x00007ffac539e000 	C:\Windows\System32\ADVAPI32.dll
0x00007ffac5250000 - 0x00007ffac52ee000 	C:\Windows\System32\sechost.dll
0x00007ffac4f60000 - 0x00007ffac5081000 	C:\Windows\System32\RPCRT4.dll
0x00007ffac5120000 - 0x00007ffac518f000 	C:\Windows\System32\WS2_32.dll
0x00007ffac3ac0000 - 0x00007ffac3b0d000 	C:\Windows\SYSTEM32\POWRPROF.dll
0x00007ffaba150000 - 0x00007ffaba183000 	C:\Windows\SYSTEM32\WINMM.dll
0x00007ffaba410000 - 0x00007ffaba41a000 	C:\Windows\SYSTEM32\VERSION.dll
0x00007ffac3aa0000 - 0x00007ffac3ab3000 	C:\Windows\SYSTEM32\UMPDC.dll
0x00007ffac2c20000 - 0x00007ffac2c38000 	C:\Windows\SYSTEM32\kernel.appcore.dll
0x00007ffabfb10000 - 0x00007ffabfb1a000 	C:\Users\truonglq\.jdks\corretto-21.0.4\bin\jimage.dll
0x00007ffab0740000 - 0x00007ffab0961000 	C:\Windows\SYSTEM32\DBGHELP.DLL
0x00007ffab0690000 - 0x00007ffab06c1000 	C:\Windows\SYSTEM32\dbgcore.DLL
0x00007ffac3cb0000 - 0x00007ffac3d2f000 	C:\Windows\System32\bcryptPrimitives.dll
0x00007ffab74d0000 - 0x00007ffab74de000 	C:\Users\truonglq\.jdks\corretto-21.0.4\bin\instrument.dll
0x00007ffab74e0000 - 0x00007ffab74ff000 	C:\Users\truonglq\.jdks\corretto-21.0.4\bin\java.dll
0x00007ffac59a0000 - 0x00007ffac6165000 	C:\Windows\System32\SHELL32.dll
0x00007ffac1aa0000 - 0x00007ffac2302000 	C:\Windows\SYSTEM32\windows.storage.dll
0x00007ffac45b0000 - 0x00007ffac4926000 	C:\Windows\System32\combase.dll
0x00007ffac1930000 - 0x00007ffac1a97000 	C:\Windows\SYSTEM32\wintypes.dll
0x00007ffac4bb0000 - 0x00007ffac4c9a000 	C:\Windows\System32\SHCORE.dll
0x00007ffac5940000 - 0x00007ffac599d000 	C:\Windows\System32\shlwapi.dll
0x00007ffac3b20000 - 0x00007ffac3b45000 	C:\Windows\SYSTEM32\profapi.dll
0x00007ffaa4720000 - 0x00007ffaa47f7000 	C:\Users\truonglq\.jdks\corretto-21.0.4\bin\jsvml.dll
0x00007ffab7480000 - 0x00007ffab7498000 	C:\Users\truonglq\.jdks\corretto-21.0.4\bin\zip.dll
0x00007ffab74c0000 - 0x00007ffab74d0000 	C:\Users\truonglq\.jdks\corretto-21.0.4\bin\net.dll
0x00007ffabe550000 - 0x00007ffabe664000 	C:\Windows\SYSTEM32\WINHTTP.dll
0x00007ffac30c0000 - 0x00007ffac3127000 	C:\Windows\system32\mswsock.dll
0x00007ffab74a0000 - 0x00007ffab74b6000 	C:\Users\truonglq\.jdks\corretto-21.0.4\bin\nio.dll
0x00007ffab7460000 - 0x00007ffab747a000 	C:\Users\truonglq\AppData\Local\JetBrains\IntelliJ IDEA 2024.2.3\bin\breakgen64.dll
0x00007ffab7430000 - 0x00007ffab7439000 	C:\Users\truonglq\.jdks\corretto-21.0.4\bin\extnet.dll
0x00007ffab4970000 - 0x00007ffab4994000 	C:\Users\truonglq\AppData\Local\Temp\jansi-2.4.1-f2e9548d35cb16a9-jansi.dll
0x00007ffab73d0000 - 0x00007ffab73e0000 	C:\Users\truonglq\.jdks\corretto-21.0.4\bin\verify.dll

dbghelp: loaded successfully - version: 4.0.5 - missing functions: none
symbol engine: initialized successfully - sym options: 0x614 - pdb path: .;C:\Users\truonglq\.jdks\corretto-21.0.4\bin;C:\Windows\SYSTEM32;C:\Windows\WinSxS\amd64_microsoft.windows.common-controls_6595b64144ccf1df_6.0.22000.120_none_9d947278b86cc467;C:\Users\truonglq\.jdks\corretto-21.0.4\bin\server;C:\Users\truonglq\AppData\Local\JetBrains\IntelliJ IDEA 2024.2.3\bin;C:\Users\truonglq\AppData\Local\Temp

VM Arguments:
jvm_args: -Dmaven.multiModuleProjectDirectory=C:\Users\truonglq\IdeaProjects\demo -Djansi.passthrough=true -Dmaven.home=C:\Users\truonglq\.m2\wrapper\dists\apache-maven-3.9.9-bin\4nf9hui3q3djbarqar9g711ggc\apache-maven-3.9.9 -Dclassworlds.conf=C:\Users\truonglq\.m2\wrapper\dists\apache-maven-3.9.9-bin\4nf9hui3q3djbarqar9g711ggc\apache-maven-3.9.9\bin\m2.conf -Dmaven.ext.class.path=C:\Users\truonglq\AppData\Local\JetBrains\IntelliJ IDEA 2024.2.3\plugins\maven\lib\maven-event-listener.jar -javaagent:C:\Users\truonglq\AppData\Local\JetBrains\IntelliJ IDEA 2024.2.3\lib\idea_rt.jar=51253:C:\Users\truonglq\AppData\Local\JetBrains\IntelliJ IDEA 2024.2.3\bin -Dfile.encoding=UTF-8 -Dsun.stdout.encoding=UTF-8 -Dsun.stderr.encoding=UTF-8 
java_command: org.codehaus.classworlds.Launcher -Didea.version=2024.2.3 install
java_class_path (initial): C:\Users\truonglq\.m2\wrapper\dists\apache-maven-3.9.9-bin\4nf9hui3q3djbarqar9g711ggc\apache-maven-3.9.9\boot\plexus-classworlds-2.8.0.jar;C:\Users\truonglq\.m2\wrapper\dists\apache-maven-3.9.9-bin\4nf9hui3q3djbarqar9g711ggc\apache-maven-3.9.9\boot\plexus-classworlds.license
Launcher Type: SUN_STANDARD

[Global flags]
     intx CICompilerCount                          = 4                                         {product} {ergonomic}
     uint ConcGCThreads                            = 3                                         {product} {ergonomic}
     uint G1ConcRefinementThreads                  = 10                                        {product} {ergonomic}
   size_t G1HeapRegionSize                         = 2097152                                   {product} {ergonomic}
    uintx GCDrainStackTargetSize                   = 64                                        {product} {ergonomic}
   size_t InitialHeapSize                          = 264241152                                 {product} {ergonomic}
   size_t MarkStackSize                            = 4194304                                   {product} {ergonomic}
   size_t MaxHeapSize                              = 4202692608                                {product} {ergonomic}
   size_t MaxNewSize                               = 2520776704                                {product} {ergonomic}
   size_t MinHeapDeltaBytes                        = 2097152                                   {product} {ergonomic}
   size_t MinHeapSize                              = 8388608                                   {product} {ergonomic}
    uintx NonNMethodCodeHeapSize                   = 5839372                                {pd product} {ergonomic}
    uintx NonProfiledCodeHeapSize                  = 122909434                              {pd product} {ergonomic}
    uintx ProfiledCodeHeapSize                     = 122909434                              {pd product} {ergonomic}
    uintx ReservedCodeCacheSize                    = 251658240                              {pd product} {ergonomic}
     bool SegmentedCodeCache                       = true                                      {product} {ergonomic}
   size_t SoftMaxHeapSize                          = 4202692608                             {manageable} {ergonomic}
     bool UseCompressedOops                        = true                           {product lp64_product} {ergonomic}
     bool UseG1GC                                  = true                                      {product} {ergonomic}
     bool UseLargePagesIndividualAllocation        = false                                  {pd product} {ergonomic}

Logging:
Log output configuration:
 #0: stdout all=warning uptime,level,tags foldmultilines=false
 #1: stderr all=off uptime,level,tags foldmultilines=false

Environment Variables:
PATH=C:\Windows\system32;C:\Windows;C:\Windows\System32\Wbem;C:\Windows\System32\WindowsPowerShell\v1.0\;C:\Windows\System32\OpenSSH\;C:\Program Files\Docker\Docker\resources\bin;C:\Users\truonglq\AppData\Local\Microsoft\WindowsApps;C:\Users\truonglq\AppData\Local\JetBrains\IntelliJ IDEA 2024.2.3\bin;;C:\Users\truonglq\AppData\Local\Programs\Git\cmd
USERNAME=truonglq
OS=Windows_NT
PROCESSOR_IDENTIFIER=Intel64 Family 6 Model 165 Stepping 3, GenuineIntel
TMP=C:\Users\truonglq\AppData\Local\Temp
TEMP=C:\Users\truonglq\AppData\Local\Temp




Periodic native trim disabled

---------------  S Y S T E M  ---------------

OS:
 Windows 11 , 64 bit Build 22000 (10.0.22000.2538)
OS uptime: 0 days 0:50 hours
Hyper-V role detected

CPU: total 12 (initial active 12) (6 cores per cpu, 2 threads per core) family 6 model 165 stepping 3 microcode 0xe0, cx8, cmov, fxsr, ht, mmx, 3dnowpref, sse, sse2, sse3, ssse3, sse4.1, sse4.2, popcnt, lzcnt, tsc, tscinvbit, avx, avx2, aes, erms, clmul, bmi1, bmi2, adx, fma, vzeroupper, clflush, clflushopt, hv, rdtscp, f16c
Processor Information for all 12 processors :
  Max Mhz: 2901, Current Mhz: 2901, Mhz Limit: 2901

Memory: 4k page, system-wide physical 16025M (5171M free)
TotalPageFile size 18969M (AvailPageFile size 7647M)
current process WorkingSet (physical memory assigned to process): 330M, peak: 339M
current process commit charge ("private bytes"): 391M, peak: 421M

vm_info: OpenJDK 64-Bit Server VM (21.0.4+7-LTS) for windows-amd64 JRE (21.0.4+7-LTS), built on 2024-07-10T17:34:29Z by "Administrator" with MS VC++ 16.10 / 16.11 (VS2019)

END.
