#
# A fatal error has been detected by the Java Runtime Environment:
#
#  EXCEPTION_ACCESS_VIOLATION (0xc0000005) at pc=0x00007ffc81731579, pid=55788, tid=35040
#
# JRE version: OpenJDK Runtime Environment Corretto-21.0.4.7.1 (21.0.4+7) (build 21.0.4+7-LTS)
# Java VM: OpenJDK 64-Bit Server VM Corretto-21.0.4.7.1 (21.0.4+7-LTS, mixed mode, sharing, tiered, compressed oops, compressed class ptrs, g1 gc, windows-amd64)
# Problematic frame:
# V  [jvm.dll+0x361579]
#
# No core dump will be written. Minidumps are not enabled by default on client versions of Windows
#
# If you would like to submit a bug report, please visit:
#   https://github.com/corretto/corretto-21/issues/
#

---------------  S U M M A R Y ------------

Command Line: C:\Users\truonglq\AppData\Local\Temp\surefire10177762689936213931\surefirebooter-20241021151429518_3.jar C:\Users\truonglq\AppData\Local\Temp\surefire10177762689936213931 2024-10-21T15-14-27_569-jvmRun1 surefire-20241021151429518_1tmp surefire_0-20241021151429518_2tmp

Host: Intel(R) Core(TM) i5-10400 CPU @ 2.90GHz, 12 cores, 15G,  Windows 11 , 64 bit Build 22000 (10.0.22000.2538)
Time: Mon Oct 21 15:14:33 2024 SE Asia Standard Time elapsed time: 4.325935 seconds (0d 0h 0m 4s)

---------------  T H R E A D  ---------------

Current thread (0x0000028c2406b4a0):  WorkerThread "GC Thread#0"    [id=35040, stack(0x000000c5a2e00000,0x000000c5a2f00000) (1024K)]

Stack: [0x000000c5a2e00000,0x000000c5a2f00000],  sp=0x000000c5a2eff620,  free space=1021k
Native frames: (J=compiled Java code, j=interpreted, Vv=VM code, C=native code)
V  [jvm.dll+0x361579]
V  [jvm.dll+0x35dd0e]
V  [jvm.dll+0x36acac]
V  [jvm.dll+0x36c979]
V  [jvm.dll+0x36b19a]
V  [jvm.dll+0x36c5f1]
V  [jvm.dll+0x376dd3]
V  [jvm.dll+0x376f1b]
V  [jvm.dll+0x8e1224]
V  [jvm.dll+0x85c768]
V  [jvm.dll+0x6d6bdd]
C  [ucrtbase.dll+0x26c0c]
C  [KERNEL32.DLL+0x153e0]
C  [ntdll.dll+0x485b]


siginfo: EXCEPTION_ACCESS_VIOLATION (0xc0000005), reading address 0x0000000000000010


Registers:
RAX=0x0000000000000000, RBX=0x0000028c8c9ca820, RCX=0x0000000000000015, RDX=0x0000000000000000
RSP=0x000000c5a2eff620, RBP=0x00000000000003f3, RSI=0x0000028c243dc180, RDI=0x00000007077b5f2c
R8 =0x00000007076e1e48, R9 =0x0000000706aba0f0, R10=0x0000000000000010, R11=0x00007ffccfbb15c3
R12=0x0000000000000003, R13=0x0000028c243d44e0, R14=0x0000000000000040, R15=0x0000000000000000
RIP=0x00007ffc81731579, EFLAGS=0x0000000000010246


Register to memory mapping:

RAX=0x0 is null
RBX=0x0000028c8c9ca820 points into unknown readable memory: 0x00007ffc81e05af8 | f8 5a e0 81 fc 7f 00 00
RCX=0x0000000000000015 is an unknown value
RDX=0x0 is null
RSP=0x000000c5a2eff620 points into unknown readable memory: 0x0000028c8c9c0000 | 00 00 9c 8c 8c 02 00 00
RBP=0x00000000000003f3 is an unknown value
RSI=0x0000028c243dc180 points into unknown readable memory: 0x0000000000000000 | 00 00 00 00 00 00 00 00
RDI=
[error occurred during error reporting (printing register info), id 0xc0000005, EXCEPTION_ACCESS_VIOLATION (0xc0000005) at pc=0x00007ffc813dc936]
R8 =0x00000007076e1e48 is an oop: java.lang.String 
{0x00000007076e1e48} - klass: 'java/lang/String'
 - string: "getQueryExecutionMaxTimeQueryString"
 - ---- fields (total size 3 words):
 - private 'hash' 'I' @12  0 (0x00000000)
 - private final 'coder' 'B' @16  0 (0x00)
 - private 'hashIsZero' 'Z' @17  false (0x00)
 - injected 'flags' 'B' @18  0 (0x00)
 - private final 'value' '[B' @20  [B{0x00000007076e1e60} (0xe0edc3cc)
R9 =0x0000000706aba0f0 is an oop: java.lang.Class 
{0x0000000706aba0f0} - klass: 'java/lang/Class'
 - ---- fields (total size 15 words):
 - private volatile transient 'classRedefinedCount' 'I' @12  0 (0x00000000)
 - injected 'klass' 'J' @16  2801516591160 (0x0000028c4766b838)
 - injected 'array_klass' 'J' @24  0 (0x0000000000000000)
 - injected 'oop_size' 'I' @32  15 (0x0000000f)
 - injected 'static_oop_field_count' 'I' @36  0 (0x00000000)
 - private volatile transient 'cachedConstructor' 'Ljava/lang/reflect/Constructor;' @40  null (0x00000000)
 - private transient 'name' 'Ljava/lang/String;' @44  "org.hibernate.stat.Statistics"{0x0000000706aba220} (0xe0d57444)
 - private transient 'module' 'Ljava/lang/Module;' @48  a 'java/lang/Module'{0x0000000705c03808} (0xe0b80701)
 - private final 'classLoader' 'Ljava/lang/ClassLoader;' @52  a 'jdk/internal/loader/ClassLoaders$AppClassLoader'{0x0000000705bdc888} (0xe0b7b911)
 - private transient 'classData' 'Ljava/lang/Object;' @56  null (0x00000000)
 - private transient 'packageName' 'Ljava/lang/String;' @60  "org.hibernate.stat"{0x0000000706aba268} (0xe0d5744d)
 - private final 'componentType' 'Ljava/lang/Class;' @64  null (0x00000000)
 - private volatile transient 'reflectionData' 'Ljava/lang/ref/SoftReference;' @68  a 'java/lang/ref/SoftReference'{0x0000000707032148} (0xe0e06429)
 - private volatile transient 'genericInfo' 'Lsun/reflect/generics/repository/ClassRepository;' @72  null (0x00000000)
 - private volatile transient 'enumConstants' '[Ljava/lang/Object;' @76  null (0x00000000)
 - private volatile transient 'enumConstantDirectory' 'Ljava/util/Map;' @80  null (0x00000000)
 - private volatile transient 'annotationData' 'Ljava/lang/Class$AnnotationData;' @84  null (0x00000000)
 - private volatile transient 'annotationType' 'Lsun/reflect/annotation/AnnotationType;' @88  null (0x00000000)
 - transient 'classValueMap' 'Ljava/lang/ClassValue$ClassValueMap;' @92  null (0x00000000)
 - injected 'protection_domain' 'Ljava/lang/Object;' @96  a 'java/security/ProtectionDomain'{0x000000070625c010} (0xe0c4b802)
 - injected 'signers_name' 'Ljava/lang/Object;' @100  null (0x00000000)
 - injected 'source_file' 'Ljava/lang/Object;' @104  null (0x00000000)
 - signature: Lorg/hibernate/stat/Statistics;
 - ---- static fields (0):
 - public static final 'DEFAULT_QUERY_STATISTICS_MAX_SIZE' 'I' @112  5000 (0x00001388)
R10=0x0000000000000010 is an unknown value
R11=0x00007ffccfbb15c3 VCRUNTIME140.dll
R12=0x0000000000000003 is an unknown value
R13=0x0000028c243d44e0 points into unknown readable memory: 0x0000000000000002 | 02 00 00 00 00 00 00 00
R14=0x0000000000000040 is an unknown value
R15=0x0 is null

Top of Stack: (sp=0x000000c5a2eff620)
0x000000c5a2eff620:   0000028c8c9c0000 0000028c243d0001
0x000000c5a2eff630:   0000028c00000000 0000000000000001
0x000000c5a2eff640:   0000000706ab6e00 00000000000000c0
0x000000c5a2eff650:   000000c5a2eff840 0000000000000009
0x000000c5a2eff660:   0000000706ab7400 00007ffc8172dd0e
0x000000c5a2eff670:   0000000706ab7400 0000028c8c9ca820
0x000000c5a2eff680:   0000000706a7b200 0000000000000100
0x000000c5a2eff690:   0000000002933696 00000002eadcc663
0x000000c5a2eff6a0:   0000000000000003 000000c5a2eff840
0x000000c5a2eff6b0:   0000028c2448e730 00007ffc8173acac
0x000000c5a2eff6c0:   00000000000000c0 0000028c2448e730
0x000000c5a2eff6d0:   000000c5a2eff840 00007ffc81aa0f5f
0x000000c5a2eff6e0:   0000000706ab6e00 00000000000000c0
0x000000c5a2eff6f0:   00007ffc81e06d10 0000000000000000
0x000000c5a2eff700:   0000028c243d4ba0 0000028c8c9ca820
0x000000c5a2eff710:   000000c5a2eff890 00007ffc81c37a27
0x000000c5a2eff720:   0000000000000009 0000028c243d30e0
0x000000c5a2eff730:   0000028c3e7095c0 00007ffc8173c979
0x000000c5a2eff740:   000000c5a2eff840 0000000000000000
0x000000c5a2eff750:   0000028c3e7095ba 0000028c24098060
0x000000c5a2eff760:   0000000000000000 0000000000000000
0x000000c5a2eff770:   0000028c243d40a0 0000000000000010
0x000000c5a2eff780:   0000028c24098060 000000c5a2eff8d9
0x000000c5a2eff790:   000000c5a2eff840 00007ffc8173b19a
0x000000c5a2eff7a0:   00000000000003d8 0000028c243d30f0
0x000000c5a2eff7b0:   0000028c243d34c8 0000028c2448e730
0x000000c5a2eff7c0:   0000028c8c9ca820 0000000002932965
0x000000c5a2eff7d0:   00000002eacdcfc5 000000c5a2eff898
0x000000c5a2eff7e0:   000000c5a2eff8a8 0000028c8bb3cb00
0x000000c5a2eff7f0:   0000028c243d4ba0 00007ffc8173c5f1
0x000000c5a2eff800:   0000000000000001 0000000000000008
0x000000c5a2eff810:   00007ffc81e02e20 00000000029311aa 

Instructions: (pc=0x00007ffc81731579)
0x00007ffc81731479:   fd ff ff 48 8d 57 fe 48 8b cb e8 a8 f3 ff ff e9
0x00007ffc81731489:   d3 fd ff ff 0f 1f 00 48 8b 73 10 8b ae 80 00 00
0x00007ffc81731499:   00 8b cd 8b 86 00 01 00 00 2b c8 81 e1 ff ff 01
0x00007ffc817314a9:   00 41 3b ce 0f 86 4b 02 00 00 ff cd 81 e5 ff ff
0x00007ffc817314b9:   01 00 89 ae 80 00 00 00 e8 8a 79 36 00 90 8b d5
0x00007ffc817314c9:   48 8b 86 80 01 00 00 8b cd 48 8b 3c e8 8b 86 00
0x00007ffc817314d9:   01 00 00 2b c8 81 e1 ff ff 01 00 81 f9 ff ff 01
0x00007ffc817314e9:   00 41 0f 44 cf 85 c9 75 3d 90 89 6c 24 50 48 8b
0x00007ffc817314f9:   86 00 01 00 00 48 8b c8 48 c1 e9 20 ff c1 89 4c
0x00007ffc81731509:   24 54 3b e8 0f 85 d9 01 00 00 48 c1 e1 20 48 0b
0x00007ffc81731519:   ca f0 48 0f b1 8e 00 01 00 00 0f 85 c3 01 00 00
0x00007ffc81731529:   8b 86 00 01 00 00 40 f6 c7 01 0f 84 a7 00 00 00
0x00007ffc81731539:   8b 0d 59 fa 8c 00 48 ff cf 48 8b 43 08 44 8b 17
0x00007ffc81731549:   49 d3 e2 8b 88 b0 05 00 00 48 8b 80 a0 05 00 00
0x00007ffc81731559:   4c 03 15 30 fa 8c 00 49 8b d2 48 d3 ea 0f b7 14
0x00007ffc81731569:   50 0f b7 c2 66 c1 e8 08 84 c0 0f 88 17 ff ff ff
0x00007ffc81731579:   4d 8b 02 41 0f b6 c0 24 03 3c 03 75 06 49 83 e0
0x00007ffc81731589:   fc eb 11 4d 8b c8 48 8b cb 4d 8b c2 e8 d6 ed ff
0x00007ffc81731599:   ff 4c 8b c0 8b 0d f5 f9 8c 00 49 8b d0 48 2b 15
0x00007ffc817315a9:   e3 f9 8c 00 48 d3 ea 89 17 49 8b d0 8b 0d b5 cc
0x00007ffc817315b9:   93 00 48 33 d7 48 d3 ea 48 85 d2 0f 84 c6 fe ff
0x00007ffc817315c9:   ff 48 8b 43 08 8b 88 b0 05 00 00 4c 8b 88 a0 05
0x00007ffc817315d9:   00 00 e9 87 00 00 00 40 f6 c7 03 0f 85 f1 00 00
0x00007ffc817315e9:   00 48 8b 43 08 4c 8b 17 49 8b d2 8b 88 b0 05 00
0x00007ffc817315f9:   00 48 8b 80 a0 05 00 00 48 d3 ea 0f b7 14 50 0f
0x00007ffc81731609:   b7 c2 66 c1 e8 08 84 c0 0f 88 79 fe ff ff 4d 8b
0x00007ffc81731619:   02 41 0f b6 c0 24 03 3c 03 75 06 49 83 e0 fc eb
0x00007ffc81731629:   11 4d 8b c8 48 8b cb 4d 8b c2 e8 38 ed ff ff 4c
0x00007ffc81731639:   8b c0 49 8b d0 4c 89 07 8b 0d 29 cc 93 00 48 33
0x00007ffc81731649:   d7 48 d3 ea 48 85 d2 0f 84 3a fe ff ff 48 8b 53
0x00007ffc81731659:   08 8b 8a b0 05 00 00 4c 8b 8a a0 05 00 00 48 8b
0x00007ffc81731669:   c7 48 d3 e8 41 0f b7 14 41 66 c1 ea 08 80 fa fe 


Stack slot to memory mapping:

stack at sp + 0 slots: 0x0000028c8c9c0000 points into unknown readable memory: 0x0000000000000000 | 00 00 00 00 00 00 00 00
stack at sp + 1 slots: 0x0000028c243d0001 points into unknown readable memory: 79 2f 70 72 6f 76 69
stack at sp + 2 slots: 0x0000028c00000000 is an unknown value
stack at sp + 3 slots: 0x0000000000000001 is an unknown value
stack at sp + 4 slots: 0x0000000706ab6e00 is pointing into object: java.lang.Class 
{0x0000000706ab6d98} - klass: 'java/lang/Class'
 - ---- fields (total size 14 words):
 - private volatile transient 'classRedefinedCount' 'I' @12  0 (0x00000000)
 - injected 'klass' 'J' @16  2801516616320 (0x0000028c47671a80)
 - injected 'array_klass' 'J' @24  0 (0x0000000000000000)
 - injected 'oop_size' 'I' @32  14 (0x0000000e)
 - injected 'static_oop_field_count' 'I' @36  0 (0x00000000)
 - private volatile transient 'cachedConstructor' 'Ljava/lang/reflect/Constructor;' @40  null (0x00000000)
 - private transient 'name' 'Ljava/lang/String;' @44  "org.hibernate.jpa.event.internal.CallbackRegistryImpl"{0x0000000706ab7760} (0xe0d56eec)
 - private transient 'module' 'Ljava/lang/Module;' @48  a 'java/lang/Module'{0x0000000705c03808} (0xe0b80701)
 - private final 'classLoader' 'Ljava/lang/ClassLoader;' @52  a 'jdk/internal/loader/ClassLoaders$AppClassLoader'{0x0000000705bdc888} (0xe0b7b911)
 - private transient 'classData' 'Ljava/lang/Object;' @56  null (0x00000000)
 - private transient 'packageName' 'Ljava/lang/String;' @60  "org.hibernate.jpa.event.internal"{0x0000000706ab77c0} (0xe0d56ef8)
 - private final 'componentType' 'Ljava/lang/Class;' @64  null (0x00000000)
 - private volatile transient 'reflectionData' 'Ljava/lang/ref/SoftReference;' @68  null (0x00000000)
 - private volatile transient 'genericInfo' 'Lsun/reflect/generics/repository/ClassRepository;' @72  null (0x00000000)
 - private volatile transient 'enumConstants' '[Ljava/lang/Object;' @76  null (0x00000000)
 - private volatile transient 'enumConstantDirectory' 'Ljava/util/Map;' @80  null (0x00000000)
 - private volatile transient 'annotationData' 'Ljava/lang/Class$AnnotationData;' @84  null (0x00000000)
 - private volatile transient 'annotationType' 'Lsun/reflect/annotation/AnnotationType;' @88  null (0x00000000)
 - transient 'classValueMap' 'Ljava/lang/ClassValue$ClassValueMap;' @92  null (0x00000000)
 - injected 'protection_domain' 'Ljava/lang/Object;' @96  a 'java/security/ProtectionDomain'{0x000000070625c010} (0xe0c4b802)
 - injected 'signers_name' 'Ljava/lang/Object;' @100  null (0x00000000)
 - injected 'source_file' 'Ljava/lang/Object;' @104  null (0x00000000)
 - signature: Lorg/hibernate/jpa/event/internal/CallbackRegistryImpl;
 - ---- static fields (0):
stack at sp + 5 slots: 0x00000000000000c0 is an unknown value
stack at sp + 6 slots: 0x000000c5a2eff840 points into unknown readable memory: 0x00007ffc81e06ea0 | a0 6e e0 81 fc 7f 00 00
stack at sp + 7 slots: 0x0000000000000009 is an unknown value


---------------  P R O C E S S  ---------------

Threads class SMR info:
_java_thread_list=0x0000028c8eee8f00, length=18, elements={
0x0000028c24098f60, 0x0000028c45aaacd0, 0x0000028c45aada00, 0x0000028c45aafcb0,
0x0000028c45ab0cc0, 0x0000028c45ab1980, 0x0000028c45ab6150, 0x0000028c45ab8cf0,
0x0000028c45ab3d80, 0x0000028c45d19360, 0x0000028c45d19de0, 0x0000028c45f06a70,
0x0000028c8b295c00, 0x0000028c8b181ae0, 0x0000028c8c21ac40, 0x0000028c8c72af10,
0x0000028c8ee53bd0, 0x0000028c8f84b920
}

Java Threads: ( => current thread )
  0x0000028c24098f60 JavaThread "main"                              [_thread_blocked, id=69824, stack(0x000000c5a2d00000,0x000000c5a2e00000) (1024K)]
  0x0000028c45aaacd0 JavaThread "Reference Handler"          daemon [_thread_blocked, id=69236, stack(0x000000c5a3500000,0x000000c5a3600000) (1024K)]
  0x0000028c45aada00 JavaThread "Finalizer"                  daemon [_thread_blocked, id=70884, stack(0x000000c5a3600000,0x000000c5a3700000) (1024K)]
  0x0000028c45aafcb0 JavaThread "Signal Dispatcher"          daemon [_thread_blocked, id=51872, stack(0x000000c5a3700000,0x000000c5a3800000) (1024K)]
  0x0000028c45ab0cc0 JavaThread "Attach Listener"            daemon [_thread_blocked, id=57140, stack(0x000000c5a3800000,0x000000c5a3900000) (1024K)]
  0x0000028c45ab1980 JavaThread "Service Thread"             daemon [_thread_blocked, id=24256, stack(0x000000c5a3900000,0x000000c5a3a00000) (1024K)]
  0x0000028c45ab6150 JavaThread "Monitor Deflation Thread"   daemon [_thread_blocked, id=69112, stack(0x000000c5a3a00000,0x000000c5a3b00000) (1024K)]
  0x0000028c45ab8cf0 JavaThread "C2 CompilerThread0"         daemon [_thread_blocked, id=71116, stack(0x000000c5a3b00000,0x000000c5a3c00000) (1024K)]
  0x0000028c45ab3d80 JavaThread "C1 CompilerThread0"         daemon [_thread_blocked, id=56920, stack(0x000000c5a3c00000,0x000000c5a3d00000) (1024K)]
  0x0000028c45d19360 JavaThread "Notification Thread"        daemon [_thread_blocked, id=67472, stack(0x000000c5a3d00000,0x000000c5a3e00000) (1024K)]
  0x0000028c45d19de0 JavaThread "Common-Cleaner"             daemon [_thread_blocked, id=67404, stack(0x000000c5a3e00000,0x000000c5a3f00000) (1024K)]
  0x0000028c45f06a70 JavaThread "C2 CompilerThread1"         daemon [_thread_in_native, id=33292, stack(0x000000c5a3f00000,0x000000c5a4000000) (1024K)]
  0x0000028c8b295c00 JavaThread "surefire-forkedjvm-stream-flusher" daemon [_thread_blocked, id=36328, stack(0x000000c5a4000000,0x000000c5a4100000) (1024K)]
  0x0000028c8b181ae0 JavaThread "surefire-forkedjvm-command-thread" daemon [_thread_in_native, id=68512, stack(0x000000c5a4100000,0x000000c5a4200000) (1024K)]
  0x0000028c8c21ac40 JavaThread "C2 CompilerThread2"         daemon [_thread_blocked, id=24264, stack(0x000000c5a4b00000,0x000000c5a4c00000) (1024K)]
  0x0000028c8c72af10 JavaThread "mysql-cj-abandoned-connection-cleanup" daemon [_thread_blocked, id=55180, stack(0x000000c5a4c00000,0x000000c5a4d00000) (1024K)]
  0x0000028c8ee53bd0 JavaThread "HikariPool-1 housekeeper"   daemon [_thread_blocked, id=60740, stack(0x000000c5a5000000,0x000000c5a5100000) (1024K)]
  0x0000028c8f84b920 JavaThread "HikariPool-1 connection adder" daemon [_thread_blocked, id=68892, stack(0x000000c5a5100000,0x000000c5a5200000) (1024K)]
Total: 18

Other Threads:
  0x0000028c2406c6c0 VMThread "VM Thread"                           [id=66072, stack(0x000000c5a3400000,0x000000c5a3500000) (1024K)]
  0x0000028c45a70750 WatcherThread "VM Periodic Task Thread"        [id=30732, stack(0x000000c5a3300000,0x000000c5a3400000) (1024K)]
=>0x0000028c2406b4a0 WorkerThread "GC Thread#0"                     [id=35040, stack(0x000000c5a2e00000,0x000000c5a2f00000) (1024K)]
  0x0000028c2406c320 WorkerThread "GC Thread#1"                     [id=35836, stack(0x000000c5a4200000,0x000000c5a4300000) (1024K)]
  0x0000028c2406b100 WorkerThread "GC Thread#2"                     [id=68880, stack(0x000000c5a4300000,0x000000c5a4400000) (1024K)]
  0x0000028c8bb93530 WorkerThread "GC Thread#3"                     [id=21468, stack(0x000000c5a4400000,0x000000c5a4500000) (1024K)]
  0x0000028c8bb938d0 WorkerThread "GC Thread#4"                     [id=67520, stack(0x000000c5a4500000,0x000000c5a4600000) (1024K)]
  0x0000028c8bb943b0 WorkerThread "GC Thread#5"                     [id=37420, stack(0x000000c5a4600000,0x000000c5a4700000) (1024K)]
  0x0000028c8bb91490 WorkerThread "GC Thread#6"                     [id=61828, stack(0x000000c5a4700000,0x000000c5a4800000) (1024K)]
  0x0000028c8bb91830 WorkerThread "GC Thread#7"                     [id=23088, stack(0x000000c5a4800000,0x000000c5a4900000) (1024K)]
  0x0000028c8bb91f70 WorkerThread "GC Thread#8"                     [id=3420, stack(0x000000c5a4900000,0x000000c5a4a00000) (1024K)]
  0x0000028c8bb93c70 WorkerThread "GC Thread#9"                     [id=30352, stack(0x000000c5a4a00000,0x000000c5a4b00000) (1024K)]
  0x0000028c2443a220 ConcurrentGCThread "G1 Main Marker"            [id=52724, stack(0x000000c5a2f00000,0x000000c5a3000000) (1024K)]
  0x0000028c2406b840 WorkerThread "G1 Conc#0"                       [id=37772, stack(0x000000c5a3000000,0x000000c5a3100000) (1024K)]
  0x0000028c8bb94010 WorkerThread "G1 Conc#1"                       [id=67828, stack(0x000000c5a4d00000,0x000000c5a4e00000) (1024K)]
  0x0000028c8bb92a50 WorkerThread "G1 Conc#2"                       [id=70448, stack(0x000000c5a4e00000,0x000000c5a4f00000) (1024K)]
  0x0000028c4593c4c0 ConcurrentGCThread "G1 Refine#0"               [id=66892, stack(0x000000c5a3100000,0x000000c5a3200000) (1024K)]
  0x0000028c4593d030 ConcurrentGCThread "G1 Service"                [id=30496, stack(0x000000c5a3200000,0x000000c5a3300000) (1024K)]
Total: 18

Threads with active compile tasks:
C2 CompilerThread0     4369 5454       4       org.springframework.util.ConcurrentReferenceHashMap::get (37 bytes)
C2 CompilerThread1     4369 5348   !   4       org.springframework.util.ReflectionUtils::doWithMethods (186 bytes)
C2 CompilerThread2     4369 5447       4       org.springframework.core.annotation.TypeMappedAnnotations::scan (66 bytes)
Total: 3

VM state: at safepoint (normal execution)

VM Mutex/Monitor currently owned by a thread:  ([mutex/lock_event])
[0x00007ffc820862a8] Threads_lock - owner thread: 0x0000028c2406c6c0
[0x00007ffc820863a8] Heap_lock - owner thread: 0x0000028c24098f60

Heap address: 0x0000000705800000, size: 4008 MB, Compressed Oops mode: Zero based, Oop shift amount: 3

CDS archive(s) mapped at: [0x0000028c46000000-0x0000028c46c90000-0x0000028c46c90000), size 13172736, SharedBaseAddress: 0x0000028c46000000, ArchiveRelocationMode: 1.
Compressed class space mapped at: 0x0000028c47000000-0x0000028c87000000, reserved size: 1073741824
Narrow klass base: 0x0000028c46000000, Narrow klass shift: 0, Narrow klass range: 0x100000000

GC Precious Log:
 CardTable entry size: 512
 Card Set container configuration: InlinePtr #cards 4 size 8 Array Of Cards #cards 16 size 48 Howl #buckets 8 coarsen threshold 3686 Howl Bitmap #cards 512 size 80 coarsen threshold 460 Card regions per heap region 1 cards per card region 4096
 CPUs: 12 total, 12 available
 Memory: 16025M
 Large Page Support: Disabled
 NUMA Support: Disabled
 Compressed Oops: Enabled (Zero based)
 Heap Region Size: 2M
 Heap Min Capacity: 8M
 Heap Initial Capacity: 252M
 Heap Max Capacity: 4008M
 Pre-touch: Disabled
 Parallel Workers: 10
 Concurrent Workers: 3
 Concurrent Refinement Workers: 10
 Periodic GC: Disabled

Heap:
 garbage-first heap   total 69632K, used 57840K [0x0000000705800000, 0x0000000800000000)
  region size 2048K, 19 young (38912K), 3 survivors (6144K)
 Metaspace       used 65231K, committed 65856K, reserved 1114112K
  class space    used 8886K, committed 9152K, reserved 1048576K

Heap Regions: E=young(eden), S=young(survivor), O=old, HS=humongous(starts), HC=humongous(continues), CS=collection set, F=free, TAMS=top-at-mark-start, PB=parsable bottom
|   0|0x0000000705800000, 0x0000000705a00000, 0x0000000705a00000|100%| O|  |TAMS 0x0000000705800000| PB 0x0000000705800000| Untracked 
|   1|0x0000000705a00000, 0x0000000705c00000, 0x0000000705c00000|100%| O|  |TAMS 0x0000000705a00000| PB 0x0000000705a00000| Untracked 
|   2|0x0000000705c00000, 0x0000000705e00000, 0x0000000705e00000|100%| O|  |TAMS 0x0000000705c00000| PB 0x0000000705c00000| Untracked 
|   3|0x0000000705e00000, 0x0000000706000000, 0x0000000706000000|100%| O|  |TAMS 0x0000000705e00000| PB 0x0000000705e00000| Untracked 
|   4|0x0000000706000000, 0x0000000706200000, 0x0000000706200000|100%| O|  |TAMS 0x0000000706000000| PB 0x0000000706000000| Untracked 
|   5|0x0000000706200000, 0x0000000706400000, 0x0000000706400000|100%| O|  |TAMS 0x0000000706200000| PB 0x0000000706200000| Untracked 
|   6|0x0000000706400000, 0x0000000706600000, 0x0000000706600000|100%| O|  |TAMS 0x0000000706400000| PB 0x0000000706400000| Untracked 
|   7|0x0000000706600000, 0x0000000706800000, 0x0000000706800000|100%| O|  |TAMS 0x0000000706600000| PB 0x0000000706600000| Untracked 
|   8|0x0000000706800000, 0x0000000706800000, 0x0000000706a00000|  0%| F|  |TAMS 0x0000000706800000| PB 0x0000000706800000| Untracked 
|   9|0x0000000706a00000, 0x0000000706c00000, 0x0000000706c00000|100%| O|  |TAMS 0x0000000706a00000| PB 0x0000000706a00000| Untracked 
|  10|0x0000000706c00000, 0x0000000706e00000, 0x0000000706e00000|100%| O|  |TAMS 0x0000000706c00000| PB 0x0000000706c00000| Untracked 
|  11|0x0000000706e00000, 0x0000000706e00000, 0x0000000707000000|  0%| F|  |TAMS 0x0000000706e00000| PB 0x0000000706e00000| Untracked 
|  12|0x0000000707000000, 0x0000000707158c40, 0x0000000707200000| 67%| S|  |TAMS 0x0000000707000000| PB 0x0000000707000000| Complete 
|  13|0x0000000707200000, 0x0000000707400000, 0x0000000707400000|100%| S|  |TAMS 0x0000000707200000| PB 0x0000000707200000| Complete 
|  14|0x0000000707400000, 0x00000007075e6140, 0x0000000707600000| 94%| O|  |TAMS 0x0000000707400000| PB 0x0000000707400000| Untracked 
|  15|0x0000000707600000, 0x0000000707800000, 0x0000000707800000|100%| S|  |TAMS 0x0000000707600000| PB 0x0000000707600000| Complete 
|  16|0x0000000707800000, 0x0000000707a00000, 0x0000000707a00000|100%| E|CS|TAMS 0x0000000707800000| PB 0x0000000707800000| Complete 
|  17|0x0000000707a00000, 0x0000000707c00000, 0x0000000707c00000|100%| E|CS|TAMS 0x0000000707a00000| PB 0x0000000707a00000| Complete 
|  18|0x0000000707c00000, 0x0000000707e00000, 0x0000000707e00000|100%| E|CS|TAMS 0x0000000707c00000| PB 0x0000000707c00000| Complete 
|  19|0x0000000707e00000, 0x0000000708000000, 0x0000000708000000|100%| E|CS|TAMS 0x0000000707e00000| PB 0x0000000707e00000| Complete 
|  20|0x0000000708000000, 0x0000000708200000, 0x0000000708200000|100%| E|CS|TAMS 0x0000000708000000| PB 0x0000000708000000| Complete 
|  21|0x0000000708200000, 0x0000000708400000, 0x0000000708400000|100%| E|CS|TAMS 0x0000000708200000| PB 0x0000000708200000| Complete 
|  22|0x0000000708400000, 0x0000000708600000, 0x0000000708600000|100%| E|CS|TAMS 0x0000000708400000| PB 0x0000000708400000| Complete 
|  23|0x0000000708600000, 0x0000000708800000, 0x0000000708800000|100%| E|CS|TAMS 0x0000000708600000| PB 0x0000000708600000| Complete 
|  24|0x0000000708800000, 0x0000000708a00000, 0x0000000708a00000|100%| E|CS|TAMS 0x0000000708800000| PB 0x0000000708800000| Complete 
|  25|0x0000000708a00000, 0x0000000708c00000, 0x0000000708c00000|100%| E|CS|TAMS 0x0000000708a00000| PB 0x0000000708a00000| Complete 
|  26|0x0000000708c00000, 0x0000000708e00000, 0x0000000708e00000|100%| E|CS|TAMS 0x0000000708c00000| PB 0x0000000708c00000| Complete 
|  27|0x0000000708e00000, 0x0000000708e960f0, 0x0000000709000000| 29%| E|CS|TAMS 0x0000000708e00000| PB 0x0000000708e00000| Complete 
|  28|0x0000000709000000, 0x0000000709200000, 0x0000000709200000|100%| E|CS|TAMS 0x0000000709000000| PB 0x0000000709000000| Complete 
|  29|0x0000000709200000, 0x0000000709400000, 0x0000000709400000|100%| E|CS|TAMS 0x0000000709200000| PB 0x0000000709200000| Complete 
|  30|0x0000000709400000, 0x0000000709600000, 0x0000000709600000|100%| E|CS|TAMS 0x0000000709400000| PB 0x0000000709400000| Complete 
|  31|0x0000000709600000, 0x0000000709800000, 0x0000000709800000|100%| E|CS|TAMS 0x0000000709600000| PB 0x0000000709600000| Complete 
| 104|0x0000000712800000, 0x0000000712a00000, 0x0000000712a00000|100%| E|CS|TAMS 0x0000000712800000| PB 0x0000000712800000| Complete 
| 125|0x0000000715200000, 0x0000000715400000, 0x0000000715400000|100%| E|CS|TAMS 0x0000000715200000| PB 0x0000000715200000| Complete 

Card table byte_map: [0x0000028c3e700000,0x0000028c3eee0000] _byte_map_base: 0x0000028c3aed4000

Marking Bits: (CMBitMap*) 0x0000028c24428d00
 Bits: [0x0000028c3eee0000, 0x0000028c42d80000)

Polling page: 0x0000028c24490000

Metaspace:

Usage:
  Non-class:     55.02 MB used.
      Class:      8.68 MB used.
       Both:     63.70 MB used.

Virtual space:
  Non-class space:       64.00 MB reserved,      55.38 MB ( 87%) committed,  1 nodes.
      Class space:        1.00 GB reserved,       8.94 MB ( <1%) committed,  1 nodes.
             Both:        1.06 GB reserved,      64.31 MB (  6%) committed. 

Chunk freelists:
   Non-Class:  7.73 MB
       Class:  7.00 MB
        Both:  14.74 MB

MaxMetaspaceSize: unlimited
CompressedClassSpaceSize: 1.00 GB
Initial GC threshold: 21.00 MB
Current GC threshold: 98.25 MB
CDS: on
 - commit_granule_bytes: 65536.
 - commit_granule_words: 8192.
 - virtual_space_node_default_size: 8388608.
 - enlarge_chunks_in_place: 1.
 - use_allocation_guard: 0.


Internal statistics:

num_allocs_failed_limit: 9.
num_arena_births: 786.
num_arena_deaths: 0.
num_vsnodes_births: 2.
num_vsnodes_deaths: 0.
num_space_committed: 1029.
num_space_uncommitted: 0.
num_chunks_returned_to_freelist: 9.
num_chunks_taken_from_freelist: 3074.
num_chunk_merges: 9.
num_chunk_splits: 2193.
num_chunks_enlarged: 1714.
num_inconsistent_stats: 0.

CodeHeap 'non-profiled nmethods': size=120000Kb used=3028Kb max_used=3060Kb free=116971Kb
 bounds [0x0000028c35d50000, 0x0000028c36090000, 0x0000028c3d280000]
CodeHeap 'profiled nmethods': size=120000Kb used=9758Kb max_used=10012Kb free=110241Kb
 bounds [0x0000028c2e280000, 0x0000028c2ec50000, 0x0000028c357b0000]
CodeHeap 'non-nmethods': size=5760Kb used=1682Kb max_used=1758Kb free=4077Kb
 bounds [0x0000028c357b0000, 0x0000028c35a20000, 0x0000028c35d50000]
 total_blobs=5593 nmethods=4881 adapters=615
 compilation: enabled
              stopped_count=0, restarted_count=0
 full_count=0

Compilation events (20 events):
Event: 4.293 Thread 0x0000028c45ab3d80 5516       3       java.lang.reflect.Method::specificToStringHeader (44 bytes)
Event: 4.293 Thread 0x0000028c45ab3d80 nmethod 5516 0x0000028c2e943110 code [0x0000028c2e943340, 0x0000028c2e943858]
Event: 4.296 Thread 0x0000028c45ab3d80 5518       1       jdk.xml.internal.XMLSecurityManager$Limit::systemProperty (5 bytes)
Event: 4.296 Thread 0x0000028c45ab3d80 nmethod 5518 0x0000028c35e99610 code [0x0000028c35e997a0, 0x0000028c35e99870]
Event: 4.297 Thread 0x0000028c45ab3d80 5519       3       org.springframework.util.ClassUtils::isAssignableValue (34 bytes)
Event: 4.297 Thread 0x0000028c45ab3d80 nmethod 5519 0x0000028c2ea1ae90 code [0x0000028c2ea1b060, 0x0000028c2ea1b3f8]
Event: 4.302 Thread 0x0000028c45ab8cf0 nmethod 5326 0x0000028c3607b410 code [0x0000028c3607c060, 0x0000028c36085310]
Event: 4.303 Thread 0x0000028c45ab8cf0 5450       4       org.springframework.util.ConcurrentReferenceHashMap$Segment::findInChain (66 bytes)
Event: 4.306 Thread 0x0000028c45ab8cf0 nmethod 5450 0x0000028c35e98a10 code [0x0000028c35e98be0, 0x0000028c35e99060]
Event: 4.306 Thread 0x0000028c45ab8cf0 5490       4       org.springframework.core.annotation.TypeMappedAnnotations$MergedAnnotationFinder::doWithAnnotations (75 bytes)
Event: 4.309 Thread 0x0000028c45ab3d80 5520       2       java.util.Arrays$ArrayList::indexOf (62 bytes)
Event: 4.310 Thread 0x0000028c45ab3d80 nmethod 5520 0x0000028c2e942b10 code [0x0000028c2e942ce0, 0x0000028c2e942fb0]
Event: 4.311 Thread 0x0000028c45ab3d80 5521       1       java.util.concurrent.atomic.AtomicReference::get (5 bytes)
Event: 4.311 Thread 0x0000028c45ab3d80 nmethod 5521 0x0000028c35ee9c10 code [0x0000028c35ee9da0, 0x0000028c35ee9e70]
Event: 4.313 Thread 0x0000028c45ab8cf0 nmethod 5490 0x0000028c35eb2d10 code [0x0000028c35eb2f00, 0x0000028c35eb36e0]
Event: 4.313 Thread 0x0000028c45ab8cf0 5454       4       org.springframework.util.ConcurrentReferenceHashMap::get (37 bytes)
Event: 4.314 Thread 0x0000028c45ab3d80 5522       3       java.lang.WeakPairMap::get (17 bytes)
Event: 4.315 Thread 0x0000028c45ab3d80 nmethod 5522 0x0000028c2ea5be90 code [0x0000028c2ea5c100, 0x0000028c2ea5cc08]
Event: 4.317 Thread 0x0000028c45ab3d80 5523       1       com.fasterxml.jackson.databind.JavaType::getRawClass (5 bytes)
Event: 4.317 Thread 0x0000028c45ab3d80 nmethod 5523 0x0000028c35ee9910 code [0x0000028c35ee9aa0, 0x0000028c35ee9b70]

GC Heap History (20 events):
Event: 0.407 GC heap after
{Heap after GC invocations=1 (full 0):
 garbage-first heap   total 258048K, used 8050K [0x0000000705800000, 0x0000000800000000)
  region size 2048K, 2 young (4096K), 2 survivors (4096K)
 Metaspace       used 4355K, committed 4544K, reserved 1114112K
  class space    used 482K, committed 576K, reserved 1048576K
}
Event: 0.795 GC heap before
{Heap before GC invocations=1 (full 0):
 garbage-first heap   total 258048K, used 30578K [0x0000000705800000, 0x0000000800000000)
  region size 2048K, 13 young (26624K), 2 survivors (4096K)
 Metaspace       used 11084K, committed 11328K, reserved 1114112K
  class space    used 1364K, committed 1472K, reserved 1048576K
}
Event: 0.799 GC heap after
{Heap after GC invocations=2 (full 0):
 garbage-first heap   total 258048K, used 10237K [0x0000000705800000, 0x0000000800000000)
  region size 2048K, 1 young (2048K), 1 survivors (2048K)
 Metaspace       used 11084K, committed 11328K, reserved 1114112K
  class space    used 1364K, committed 1472K, reserved 1048576K
}
Event: 1.243 GC heap before
{Heap before GC invocations=2 (full 0):
 garbage-first heap   total 258048K, used 49149K [0x0000000705800000, 0x0000000800000000)
  region size 2048K, 21 young (43008K), 1 survivors (2048K)
 Metaspace       used 21227K, committed 21504K, reserved 1114112K
  class space    used 2732K, committed 2816K, reserved 1048576K
}
Event: 1.246 GC heap after
{Heap after GC invocations=3 (full 0):
 garbage-first heap   total 258048K, used 12669K [0x0000000705800000, 0x0000000800000000)
  region size 2048K, 3 young (6144K), 3 survivors (6144K)
 Metaspace       used 21227K, committed 21504K, reserved 1114112K
  class space    used 2732K, committed 2816K, reserved 1048576K
}
Event: 1.687 GC heap before
{Heap before GC invocations=4 (full 0):
 garbage-first heap   total 49152K, used 47485K [0x0000000705800000, 0x0000000800000000)
  region size 2048K, 20 young (40960K), 3 survivors (6144K)
 Metaspace       used 25694K, committed 26048K, reserved 1114112K
  class space    used 3279K, committed 3392K, reserved 1048576K
}
Event: 1.693 GC heap after
{Heap after GC invocations=5 (full 0):
 garbage-first heap   total 57344K, used 16384K [0x0000000705800000, 0x0000000800000000)
  region size 2048K, 4 young (8192K), 4 survivors (8192K)
 Metaspace       used 25694K, committed 26048K, reserved 1114112K
  class space    used 3279K, committed 3392K, reserved 1048576K
}
Event: 2.085 GC heap before
{Heap before GC invocations=5 (full 0):
 garbage-first heap   total 57344K, used 40960K [0x0000000705800000, 0x0000000800000000)
  region size 2048K, 16 young (32768K), 4 survivors (8192K)
 Metaspace       used 29795K, committed 30272K, reserved 1114112K
  class space    used 3898K, committed 4096K, reserved 1048576K
}
Event: 2.093 GC heap after
{Heap after GC invocations=6 (full 0):
 garbage-first heap   total 57344K, used 18321K [0x0000000705800000, 0x0000000800000000)
  region size 2048K, 2 young (4096K), 2 survivors (4096K)
 Metaspace       used 29795K, committed 30272K, reserved 1114112K
  class space    used 3898K, committed 4096K, reserved 1048576K
}
Event: 2.448 GC heap before
{Heap before GC invocations=6 (full 0):
 garbage-first heap   total 57344K, used 42897K [0x0000000705800000, 0x0000000800000000)
  region size 2048K, 14 young (28672K), 2 survivors (4096K)
 Metaspace       used 35354K, committed 35840K, reserved 1114112K
  class space    used 4692K, committed 4928K, reserved 1048576K
}
Event: 2.452 GC heap after
{Heap after GC invocations=7 (full 0):
 garbage-first heap   total 57344K, used 20090K [0x0000000705800000, 0x0000000800000000)
  region size 2048K, 1 young (2048K), 1 survivors (2048K)
 Metaspace       used 35354K, committed 35840K, reserved 1114112K
  class space    used 4692K, committed 4928K, reserved 1048576K
}
Event: 2.461 GC heap before
{Heap before GC invocations=7 (full 0):
 garbage-first heap   total 57344K, used 20090K [0x0000000705800000, 0x0000000800000000)
  region size 2048K, 2 young (4096K), 1 survivors (2048K)
 Metaspace       used 35472K, committed 35968K, reserved 1114112K
  class space    used 4715K, committed 4928K, reserved 1048576K
}
Event: 2.464 GC heap after
{Heap after GC invocations=8 (full 0):
 garbage-first heap   total 157696K, used 19792K [0x0000000705800000, 0x0000000800000000)
  region size 2048K, 1 young (2048K), 1 survivors (2048K)
 Metaspace       used 35472K, committed 35968K, reserved 1114112K
  class space    used 4715K, committed 4928K, reserved 1048576K
}
Event: 3.193 GC heap before
{Heap before GC invocations=9 (full 0):
 garbage-first heap   total 69632K, used 56656K [0x0000000705800000, 0x0000000800000000)
  region size 2048K, 20 young (40960K), 1 survivors (2048K)
 Metaspace       used 48679K, committed 49216K, reserved 1114112K
  class space    used 6417K, committed 6656K, reserved 1048576K
}
Event: 3.198 GC heap after
{Heap after GC invocations=10 (full 0):
 garbage-first heap   total 69632K, used 23152K [0x0000000705800000, 0x0000000800000000)
  region size 2048K, 3 young (6144K), 3 survivors (6144K)
 Metaspace       used 48679K, committed 49216K, reserved 1114112K
  class space    used 6417K, committed 6656K, reserved 1048576K
}
Event: 3.644 GC heap before
{Heap before GC invocations=10 (full 0):
 garbage-first heap   total 69632K, used 55920K [0x0000000705800000, 0x0000000800000000)
  region size 2048K, 19 young (38912K), 3 survivors (6144K)
 Metaspace       used 57843K, committed 58368K, reserved 1114112K
  class space    used 7827K, committed 8064K, reserved 1048576K
}
Event: 3.651 GC heap after
{Heap after GC invocations=11 (full 0):
 garbage-first heap   total 69632K, used 24472K [0x0000000705800000, 0x0000000800000000)
  region size 2048K, 1 young (2048K), 1 survivors (2048K)
 Metaspace       used 57843K, committed 58368K, reserved 1114112K
  class space    used 7827K, committed 8064K, reserved 1048576K
}
Event: 3.786 GC heap before
{Heap before GC invocations=11 (full 0):
 garbage-first heap   total 69632K, used 32664K [0x0000000705800000, 0x0000000800000000)
  region size 2048K, 6 young (12288K), 1 survivors (2048K)
 Metaspace       used 59661K, committed 60160K, reserved 1114112K
  class space    used 8043K, committed 8256K, reserved 1048576K
}
Event: 3.790 GC heap after
{Heap after GC invocations=12 (full 0):
 garbage-first heap   total 69632K, used 25072K [0x0000000705800000, 0x0000000800000000)
  region size 2048K, 2 young (4096K), 2 survivors (4096K)
 Metaspace       used 59661K, committed 60160K, reserved 1114112K
  class space    used 8043K, committed 8256K, reserved 1048576K
}
Event: 4.318 GC heap before
{Heap before GC invocations=13 (full 0):
 garbage-first heap   total 69632K, used 57840K [0x0000000705800000, 0x0000000800000000)
  region size 2048K, 18 young (36864K), 2 survivors (4096K)
 Metaspace       used 65231K, committed 65856K, reserved 1114112K
  class space    used 8886K, committed 9152K, reserved 1048576K
}

Dll operation events (11 events):
Event: 0.004 Loaded shared library C:\Users\truonglq\.jdks\corretto-21.0.4\bin\java.dll
Event: 0.029 Loaded shared library C:\Users\truonglq\.jdks\corretto-21.0.4\bin\jsvml.dll
Event: 0.040 Loaded shared library C:\Users\truonglq\.jdks\corretto-21.0.4\bin\net.dll
Event: 0.041 Loaded shared library C:\Users\truonglq\.jdks\corretto-21.0.4\bin\nio.dll
Event: 0.043 Loaded shared library C:\Users\truonglq\.jdks\corretto-21.0.4\bin\zip.dll
Event: 0.082 Loaded shared library C:\Users\truonglq\.jdks\corretto-21.0.4\bin\management.dll
Event: 0.086 Loaded shared library C:\Users\truonglq\.jdks\corretto-21.0.4\bin\management_ext.dll
Event: 0.099 Loaded shared library C:\Users\truonglq\.jdks\corretto-21.0.4\bin\jimage.dll
Event: 1.321 Loaded shared library C:\Users\truonglq\.jdks\corretto-21.0.4\bin\sunmscapi.dll
Event: 2.399 Loaded shared library C:\Users\truonglq\.jdks\corretto-21.0.4\bin\verify.dll
Event: 2.711 Loaded shared library C:\Users\truonglq\.jdks\corretto-21.0.4\bin\extnet.dll

Deoptimization events (20 events):
Event: 4.222 Thread 0x0000028c24098f60 Uncommon trap: trap_request=0xffffffde fr.pc=0x0000028c360723b8 relative=0x00000000000060b8
Event: 4.222 Thread 0x0000028c24098f60 Uncommon trap: reason=class_check action=maybe_recompile pc=0x0000028c360723b8 method=org.springframework.core.annotation.TypeMappedAnnotations.scan(Ljava/lang/Object;Lorg/springframework/core/annotation/AnnotationsProcessor;)Ljava/lang/Object; @ 18 c2
Event: 4.222 Thread 0x0000028c24098f60 DEOPT PACKING pc=0x0000028c360723b8 sp=0x000000c5a2df8d40
Event: 4.222 Thread 0x0000028c24098f60 DEOPT UNPACKING pc=0x0000028c358046a2 sp=0x000000c5a2df8d70 mode 2
Event: 4.222 Thread 0x0000028c24098f60 Uncommon trap: trap_request=0xffffffde fr.pc=0x0000028c360723b8 relative=0x00000000000060b8
Event: 4.222 Thread 0x0000028c24098f60 Uncommon trap: reason=class_check action=maybe_recompile pc=0x0000028c360723b8 method=org.springframework.core.annotation.TypeMappedAnnotations.scan(Ljava/lang/Object;Lorg/springframework/core/annotation/AnnotationsProcessor;)Ljava/lang/Object; @ 18 c2
Event: 4.222 Thread 0x0000028c24098f60 DEOPT PACKING pc=0x0000028c360723b8 sp=0x000000c5a2df8d40
Event: 4.222 Thread 0x0000028c24098f60 DEOPT UNPACKING pc=0x0000028c358046a2 sp=0x000000c5a2df8d70 mode 2
Event: 4.222 Thread 0x0000028c24098f60 Uncommon trap: trap_request=0xffffffde fr.pc=0x0000028c36070b5c relative=0x000000000000485c
Event: 4.222 Thread 0x0000028c24098f60 Uncommon trap: reason=class_check action=maybe_recompile pc=0x0000028c36070b5c method=org.springframework.core.annotation.AnnotationsScanner.processMethodHierarchy(Ljava/lang/Object;[ILjava/lang/Class;Lorg/springframework/core/annotation/AnnotationsProces
Event: 4.222 Thread 0x0000028c24098f60 DEOPT PACKING pc=0x0000028c36070b5c sp=0x000000c5a2df8d70
Event: 4.222 Thread 0x0000028c24098f60 DEOPT UNPACKING pc=0x0000028c358046a2 sp=0x000000c5a2df8b68 mode 2
Event: 4.224 Thread 0x0000028c24098f60 Uncommon trap: trap_request=0xffffffde fr.pc=0x0000028c360723b8 relative=0x00000000000060b8
Event: 4.224 Thread 0x0000028c24098f60 Uncommon trap: reason=class_check action=maybe_recompile pc=0x0000028c360723b8 method=org.springframework.core.annotation.TypeMappedAnnotations.scan(Ljava/lang/Object;Lorg/springframework/core/annotation/AnnotationsProcessor;)Ljava/lang/Object; @ 18 c2
Event: 4.224 Thread 0x0000028c24098f60 DEOPT PACKING pc=0x0000028c360723b8 sp=0x000000c5a2df8d40
Event: 4.224 Thread 0x0000028c24098f60 DEOPT UNPACKING pc=0x0000028c358046a2 sp=0x000000c5a2df8d70 mode 2
Event: 4.235 Thread 0x0000028c24098f60 Uncommon trap: trap_request=0xffffff45 fr.pc=0x0000028c35f755c8 relative=0x00000000000063c8
Event: 4.235 Thread 0x0000028c24098f60 Uncommon trap: reason=unstable_if action=reinterpret pc=0x0000028c35f755c8 method=org.springframework.beans.factory.support.AbstractBeanFactory.isTypeMatch(Ljava/lang/String;Lorg/springframework/core/ResolvableType;Z)Z @ 35 c2
Event: 4.235 Thread 0x0000028c24098f60 DEOPT PACKING pc=0x0000028c35f755c8 sp=0x000000c5a2df8f10
Event: 4.235 Thread 0x0000028c24098f60 DEOPT UNPACKING pc=0x0000028c358046a2 sp=0x000000c5a2df8ef0 mode 2

Classes loaded (20 events):
Event: 4.221 Loading class sun/reflect/annotation/TypeAnnotationParser
Event: 4.221 Loading class sun/reflect/annotation/TypeAnnotationParser done
Event: 4.221 Loading class sun/reflect/annotation/TypeAnnotation
Event: 4.221 Loading class sun/reflect/annotation/TypeAnnotation done
Event: 4.221 Loading class sun/reflect/annotation/AnnotatedTypeFactory
Event: 4.221 Loading class sun/reflect/annotation/AnnotatedTypeFactory done
Event: 4.221 Loading class sun/reflect/annotation/AnnotatedTypeFactory$AnnotatedTypeBaseImpl
Event: 4.222 Loading class sun/reflect/annotation/AnnotatedTypeFactory$AnnotatedTypeBaseImpl done
Event: 4.222 Loading class sun/reflect/annotation/TypeAnnotation$LocationInfo
Event: 4.222 Loading class sun/reflect/annotation/TypeAnnotation$LocationInfo done
Event: 4.222 Loading class sun/reflect/annotation/TypeAnnotation$LocationInfo$Location
Event: 4.222 Loading class sun/reflect/annotation/TypeAnnotation$LocationInfo$Location done
Event: 4.225 Loading class sun/reflect/annotation/TypeAnnotation$TypeAnnotationTargetInfo
Event: 4.225 Loading class sun/reflect/annotation/TypeAnnotation$TypeAnnotationTargetInfo done
Event: 4.277 Loading class java/util/EnumMap$EntrySet
Event: 4.277 Loading class java/util/EnumMap$EntrySet done
Event: 4.277 Loading class java/util/EnumMap$EntryIterator
Event: 4.277 Loading class java/util/EnumMap$EnumMapIterator
Event: 4.277 Loading class java/util/EnumMap$EnumMapIterator done
Event: 4.277 Loading class java/util/EnumMap$EntryIterator done

Classes unloaded (0 events):
No events

Classes redefined (0 events):
No events

Internal exceptions (20 events):
Event: 3.595 Thread 0x0000028c24098f60 Exception <a 'java/lang/NoSuchMethodError'{0x00000007081fb978}: 'void java.lang.invoke.DirectMethodHandle$Holder.invokeSpecial(java.lang.Object, java.lang.Object, int, java.lang.Object)'> (0x00000007081fb978) 
thrown [s\src\hotspot\share\interpreter\linkResolver.cpp, line 773]
Event: 3.596 Thread 0x0000028c24098f60 Exception <a 'java/lang/NoSuchMethodError'{0x0000000707e026b8}: 'java.lang.Object java.lang.invoke.DirectMethodHandle$Holder.newInvokeSpecial(java.lang.Object, java.lang.Object, int)'> (0x0000000707e026b8) 
thrown [s\src\hotspot\share\interpreter\linkResolver.cpp, line 773]
Event: 3.596 Thread 0x0000028c24098f60 Exception <a 'java/lang/IncompatibleClassChangeError'{0x0000000707e06718}: Found class java.lang.Object, but interface was expected> (0x0000000707e06718) 
thrown [s\src\hotspot\share\interpreter\linkResolver.cpp, line 840]
Event: 3.613 Thread 0x0000028c24098f60 Exception <a 'java/lang/NoSuchMethodError'{0x0000000707f77c30}: 'int java.lang.invoke.DirectMethodHandle$Holder.invokeStatic(java.lang.Object, int, java.lang.Object)'> (0x0000000707f77c30) 
thrown [s\src\hotspot\share\interpreter\linkResolver.cpp, line 773]
Event: 3.615 Thread 0x0000028c24098f60 Exception <a 'java/lang/NoSuchMethodError'{0x0000000707f98390}: 'java.lang.Object java.lang.invoke.DirectMethodHandle$Holder.newInvokeSpecial(java.lang.Object, java.lang.Object, java.lang.Object, java.lang.Object, java.lang.Object, int, java.lang.Object)'> (0x0000000707f98390) 
thrown [s\src\hotspot\share\interpreter\linkResolver.cpp, line 773]
Event: 3.617 Thread 0x0000028c24098f60 Exception <a 'java/lang/NoSuchMethodError'{0x0000000707fcce88}: 'java.lang.Object java.lang.invoke.DirectMethodHandle$Holder.newInvokeSpecial(java.lang.Object, java.lang.Object, java.lang.Object, java.lang.Object, java.lang.Object, java.lang.Object, java.lang.Object, java.lang.Object, java.lang.Object, java.lang.Object, java.lang.Object, java.lang.Object)'> (0x0000000707fcce88) 
thrown [s\src\hotspot\share\interpreter\linkResolver.cpp, line 773]
Event: 3.617 Thread 0x0000028c24098f60 Exception <a 'java/lang/NoSuchMethodError'{0x0000000707fd1f40}: 'java.lang.Object java.lang.invoke.DirectMethodHandle$Holder.invokeSpecial(java.lang.Object, java.lang.Object, java.lang.Object, java.lang.Object, java.lang.Object, java.lang.Object, java.lang.Object, java.lang.Object, java.lang.Object, java.lang.Object, java.lang.Object, java.lang.Object, java.lang.Object)'> (0x0000000707fd1f40) 
thrown [s\src\hotspot\share\interpreter\linkResolver.cpp, line 773]
Event: 3.618 Thread 0x0000028c24098f60 Exception <a 'java/lang/NoSuchMethodError'{0x0000000707fd6be0}: 'java.lang.Object java.lang.invoke.Invokers$Holder.linkToTargetMethod(java.lang.Object, java.lang.Object, java.lang.Object, java.lang.Object, java.lang.Object, java.lang.Object, java.lang.Object, java.lang.Object, java.lang.Object, java.lang.Object, java.lang.Object, java.lang.Object)'> (0x0000000707fd6be0) 
thrown [s\src\hotspot\share\interpreter\linkResolver.cpp, line 773]
Event: 3.637 Thread 0x0000028c24098f60 Exception <a 'java/lang/IncompatibleClassChangeError'{0x0000000707d83f10}: Found class java.lang.Object, but interface was expected> (0x0000000707d83f10) 
thrown [s\src\hotspot\share\interpreter\linkResolver.cpp, line 840]
Event: 3.652 Thread 0x0000028c24098f60 Exception <a 'java/lang/NoSuchMethodError'{0x0000000715202398}: 'java.lang.Object java.lang.invoke.DirectMethodHandle$Holder.newInvokeSpecial(java.lang.Object, java.lang.Object, java.lang.Object, java.lang.Object, java.lang.Object, java.lang.Object, java.lang.Object, int)'> (0x0000000715202398) 
thrown [s\src\hotspot\share\interpreter\linkResolver.cpp, line 773]
Event: 3.652 Thread 0x0000028c24098f60 Exception <a 'java/lang/NoSuchMethodError'{0x00000007152070f0}: 'java.lang.Object java.lang.invoke.DirectMethodHandle$Holder.invokeSpecial(java.lang.Object, java.lang.Object, java.lang.Object, java.lang.Object, java.lang.Object, java.lang.Object, java.lang.Object, java.lang.Object, int)'> (0x00000007152070f0) 
thrown [s\src\hotspot\share\interpreter\linkResolver.cpp, line 773]
Event: 3.652 Thread 0x0000028c24098f60 Exception <a 'java/lang/NoSuchMethodError'{0x000000071520b8d0}: 'java.lang.Object java.lang.invoke.Invokers$Holder.linkToTargetMethod(java.lang.Object, java.lang.Object, java.lang.Object, java.lang.Object, java.lang.Object, java.lang.Object, int, java.lang.Object)'> (0x000000071520b8d0) 
thrown [s\src\hotspot\share\interpreter\linkResolver.cpp, line 773]
Event: 3.726 Thread 0x0000028c24098f60 Exception <a 'java/lang/NoSuchMethodError'{0x00000007096d8b70}: 'void java.lang.invoke.Invokers$Holder.invokeExact_MT(java.lang.Object, java.lang.Object, java.lang.Object, java.lang.Object)'> (0x00000007096d8b70) 
thrown [s\src\hotspot\share\interpreter\linkResolver.cpp, line 773]
Event: 3.746 Thread 0x0000028c24098f60 Implicit null exception at 0x0000028c35fd4397 to 0x0000028c35fd4618
Event: 3.777 Thread 0x0000028c24098f60 Exception <a 'java/lang/IncompatibleClassChangeError'{0x0000000709311f00}: Found class java.lang.Object, but interface was expected> (0x0000000709311f00) 
thrown [s\src\hotspot\share\interpreter\linkResolver.cpp, line 840]
Event: 3.783 Thread 0x0000028c24098f60 Exception <a 'java/lang/IncompatibleClassChangeError'{0x00000007093919d0}: Found class java.lang.Object, but interface was expected> (0x00000007093919d0) 
thrown [s\src\hotspot\share\interpreter\linkResolver.cpp, line 840]
Event: 3.823 Thread 0x0000028c24098f60 Exception <a 'java/lang/IncompatibleClassChangeError'{0x0000000715365070}: Found class java.lang.Object, but interface was expected> (0x0000000715365070) 
thrown [s\src\hotspot\share\interpreter\linkResolver.cpp, line 840]
Event: 3.922 Thread 0x0000028c24098f60 Exception <a 'java/lang/IncompatibleClassChangeError'{0x00000007095b0a40}: Found class java.lang.Object, but interface was expected> (0x00000007095b0a40) 
thrown [s\src\hotspot\share\interpreter\linkResolver.cpp, line 840]
Event: 3.966 Thread 0x0000028c24098f60 Exception <a 'java/lang/IncompatibleClassChangeError'{0x0000000708ca2228}: Found class java.lang.Object, but interface was expected> (0x0000000708ca2228) 
thrown [s\src\hotspot\share\interpreter\linkResolver.cpp, line 840]
Event: 4.063 Thread 0x0000028c24098f60 Exception <a 'java/lang/NoSuchMethodError'{0x0000000708620f40}: 'java.lang.Object java.lang.invoke.DirectMethodHandle$Holder.newInvokeSpecial(java.lang.Object, java.lang.Object, java.lang.Object, java.lang.Object, java.lang.Object, java.lang.Object, java.lang.Object, java.lang.Object)'> (0x0000000708620f40) 
thrown [s\src\hotspot\share\interpreter\linkResolver.cpp, line 773]

ZGC Phase Switch (0 events):
No events

VM Operations (20 events):
Event: 3.712 Executing VM operation: HandshakeAllThreads (Deoptimize) done
Event: 3.739 Executing VM operation: HandshakeAllThreads (Deoptimize)
Event: 3.739 Executing VM operation: HandshakeAllThreads (Deoptimize) done
Event: 3.752 Executing VM operation: ICBufferFull
Event: 3.752 Executing VM operation: ICBufferFull done
Event: 3.786 Executing VM operation: CollectForMetadataAllocation (Metadata GC Threshold)
Event: 3.791 Executing VM operation: CollectForMetadataAllocation (Metadata GC Threshold) done
Event: 3.802 Executing VM operation: G1PauseRemark
Event: 3.807 Executing VM operation: G1PauseRemark done
Event: 3.811 Executing VM operation: G1PauseCleanup
Event: 3.811 Executing VM operation: G1PauseCleanup done
Event: 3.895 Executing VM operation: HandshakeAllThreads (Deoptimize)
Event: 3.895 Executing VM operation: HandshakeAllThreads (Deoptimize) done
Event: 3.931 Executing VM operation: HandshakeAllThreads (Deoptimize)
Event: 3.931 Executing VM operation: HandshakeAllThreads (Deoptimize) done
Event: 4.197 Executing VM operation: HandshakeAllThreads (Deoptimize)
Event: 4.197 Executing VM operation: HandshakeAllThreads (Deoptimize) done
Event: 4.219 Executing VM operation: HandshakeAllThreads (Deoptimize)
Event: 4.219 Executing VM operation: HandshakeAllThreads (Deoptimize) done
Event: 4.318 Executing VM operation: G1CollectForAllocation (G1 Evacuation Pause)

Memory protections (0 events):
No events

Nmethod flushes (20 events):
Event: 3.806 Thread 0x0000028c2406c6c0 flushing  nmethod 0x0000028c2e8a6f90
Event: 3.806 Thread 0x0000028c2406c6c0 flushing  nmethod 0x0000028c2e8aeb10
Event: 3.806 Thread 0x0000028c2406c6c0 flushing  nmethod 0x0000028c2e8aef10
Event: 3.806 Thread 0x0000028c2406c6c0 flushing  nmethod 0x0000028c2e8b4010
Event: 3.806 Thread 0x0000028c2406c6c0 flushing  nmethod 0x0000028c2e8b5c90
Event: 3.806 Thread 0x0000028c2406c6c0 flushing  nmethod 0x0000028c2e8c5d90
Event: 3.806 Thread 0x0000028c2406c6c0 flushing  nmethod 0x0000028c2e8cc110
Event: 3.806 Thread 0x0000028c2406c6c0 flushing  nmethod 0x0000028c2e8e4e90
Event: 3.806 Thread 0x0000028c2406c6c0 flushing  nmethod 0x0000028c2e919610
Event: 3.806 Thread 0x0000028c2406c6c0 flushing  nmethod 0x0000028c2e93f590
Event: 3.806 Thread 0x0000028c2406c6c0 flushing  nmethod 0x0000028c2e942390
Event: 3.806 Thread 0x0000028c2406c6c0 flushing  nmethod 0x0000028c2e943410
Event: 3.806 Thread 0x0000028c2406c6c0 flushing  nmethod 0x0000028c2e96f290
Event: 3.806 Thread 0x0000028c2406c6c0 flushing  nmethod 0x0000028c2e9af590
Event: 3.806 Thread 0x0000028c2406c6c0 flushing  nmethod 0x0000028c2e9b4390
Event: 3.806 Thread 0x0000028c2406c6c0 flushing  nmethod 0x0000028c2e9bd610
Event: 3.806 Thread 0x0000028c2406c6c0 flushing  nmethod 0x0000028c2ea97810
Event: 3.806 Thread 0x0000028c2406c6c0 flushing  nmethod 0x0000028c2ead2e10
Event: 3.806 Thread 0x0000028c2406c6c0 flushing  nmethod 0x0000028c2ead3890
Event: 3.806 Thread 0x0000028c2406c6c0 flushing  nmethod 0x0000028c2ead3d90

Events (20 events):
Event: 0.027 Thread 0x0000028c24098f60 Thread added: 0x0000028c45aada00
Event: 0.027 Thread 0x0000028c24098f60 Thread added: 0x0000028c45aafcb0
Event: 0.027 Thread 0x0000028c24098f60 Thread added: 0x0000028c45ab0cc0
Event: 0.027 Thread 0x0000028c24098f60 Thread added: 0x0000028c45ab1980
Event: 0.027 Thread 0x0000028c24098f60 Thread added: 0x0000028c45ab6150
Event: 0.027 Thread 0x0000028c24098f60 Thread added: 0x0000028c45ab8cf0
Event: 0.027 Thread 0x0000028c24098f60 Thread added: 0x0000028c45ab3d80
Event: 0.037 Thread 0x0000028c24098f60 Thread added: 0x0000028c45d19360
Event: 0.038 Thread 0x0000028c24098f60 Thread added: 0x0000028c45d19de0
Event: 0.113 Thread 0x0000028c45ab3d80 Thread added: 0x0000028c45f06a70
Event: 0.166 Thread 0x0000028c24098f60 Thread added: 0x0000028c8b295c00
Event: 0.173 Thread 0x0000028c24098f60 Thread added: 0x0000028c8b181ae0
Event: 0.901 Thread 0x0000028c45ab3d80 Thread added: 0x0000028c8c21ac40
Event: 1.084 Thread 0x0000028c24098f60 Thread added: 0x0000028c8c2082b0
Event: 1.297 Thread 0x0000028c24098f60 Thread added: 0x0000028c8d2f6c10
Event: 1.317 Thread 0x0000028c8d2f6c10 Thread exited: 0x0000028c8d2f6c10
Event: 1.325 Thread 0x0000028c8c2082b0 Thread exited: 0x0000028c8c2082b0
Event: 2.099 Thread 0x0000028c24098f60 Thread added: 0x0000028c8c72af10
Event: 2.945 Thread 0x0000028c24098f60 Thread added: 0x0000028c8ee53bd0
Event: 3.047 Thread 0x0000028c8ee53bd0 Thread added: 0x0000028c8f84b920


Dynamic libraries:
0x00007ff6e2780000 - 0x00007ff6e278e000 	C:\Users\truonglq\.jdks\corretto-21.0.4\bin\java.exe
0x00007ffce10e0000 - 0x00007ffce12e9000 	C:\Windows\SYSTEM32\ntdll.dll
0x00007ffcdfd70000 - 0x00007ffcdfe2d000 	C:\Windows\System32\KERNEL32.DLL
0x00007ffcde610000 - 0x00007ffcde994000 	C:\Windows\System32\KERNELBASE.dll
0x0000000063650000 - 0x00000000636e3000 	C:\Windows\System32\SYSFER.DLL
0x00007ffcdeca0000 - 0x00007ffcdedb1000 	C:\Windows\System32\ucrtbase.dll
0x00007ffccfbb0000 - 0x00007ffccfbcb000 	C:\Users\truonglq\.jdks\corretto-21.0.4\bin\VCRUNTIME140.dll
0x00007ffccfbd0000 - 0x00007ffccfbe8000 	C:\Users\truonglq\.jdks\corretto-21.0.4\bin\jli.dll
0x00007ffcdf030000 - 0x00007ffcdf1dd000 	C:\Windows\System32\USER32.dll
0x00007ffcdedc0000 - 0x00007ffcdede6000 	C:\Windows\System32\win32u.dll
0x00007ffcdfd10000 - 0x00007ffcdfd3a000 	C:\Windows\System32\GDI32.dll
0x00007ffcbc3a0000 - 0x00007ffcbc645000 	C:\Windows\WinSxS\amd64_microsoft.windows.common-controls_6595b64144ccf1df_6.0.22000.120_none_9d947278b86cc467\COMCTL32.dll
0x00007ffcdeb80000 - 0x00007ffcdec9e000 	C:\Windows\System32\gdi32full.dll
0x00007ffcdfc60000 - 0x00007ffcdfd03000 	C:\Windows\System32\msvcrt.dll
0x00007ffcde570000 - 0x00007ffcde60d000 	C:\Windows\System32\msvcp_win.dll
0x00007ffcdf370000 - 0x00007ffcdf3a1000 	C:\Windows\System32\IMM32.DLL
0x00007ffcdb6b0000 - 0x00007ffcdb6bc000 	C:\Users\truonglq\.jdks\corretto-21.0.4\bin\vcruntime140_1.dll
0x00007ffcc1e00000 - 0x00007ffcc1e8d000 	C:\Users\truonglq\.jdks\corretto-21.0.4\bin\msvcp140.dll
0x00007ffc813d0000 - 0x00007ffc82166000 	C:\Users\truonglq\.jdks\corretto-21.0.4\bin\server\jvm.dll
0x00007ffce0330000 - 0x00007ffce03de000 	C:\Windows\System32\ADVAPI32.dll
0x00007ffce04c0000 - 0x00007ffce055e000 	C:\Windows\System32\sechost.dll
0x00007ffce08e0000 - 0x00007ffce0a01000 	C:\Windows\System32\RPCRT4.dll
0x00007ffcdf300000 - 0x00007ffcdf36f000 	C:\Windows\System32\WS2_32.dll
0x00007ffcde440000 - 0x00007ffcde48d000 	C:\Windows\SYSTEM32\POWRPROF.dll
0x00007ffcd2550000 - 0x00007ffcd2583000 	C:\Windows\SYSTEM32\WINMM.dll
0x00007ffcd53a0000 - 0x00007ffcd53aa000 	C:\Windows\SYSTEM32\VERSION.dll
0x00007ffcde420000 - 0x00007ffcde433000 	C:\Windows\SYSTEM32\UMPDC.dll
0x00007ffcdd5a0000 - 0x00007ffcdd5b8000 	C:\Windows\SYSTEM32\kernel.appcore.dll
0x00007ffcdb670000 - 0x00007ffcdb67a000 	C:\Users\truonglq\.jdks\corretto-21.0.4\bin\jimage.dll
0x00007ffccada0000 - 0x00007ffccafc1000 	C:\Windows\SYSTEM32\DBGHELP.DLL
0x00007ffcca940000 - 0x00007ffcca971000 	C:\Windows\SYSTEM32\dbgcore.DLL
0x00007ffcdedf0000 - 0x00007ffcdee6f000 	C:\Windows\System32\bcryptPrimitives.dll
0x00007ffccba90000 - 0x00007ffccbaaf000 	C:\Users\truonglq\.jdks\corretto-21.0.4\bin\java.dll
0x00007ffcdf410000 - 0x00007ffcdfbd5000 	C:\Windows\System32\SHELL32.dll
0x00007ffcdc420000 - 0x00007ffcdcc82000 	C:\Windows\SYSTEM32\windows.storage.dll
0x00007ffce0560000 - 0x00007ffce08d6000 	C:\Windows\System32\combase.dll
0x00007ffcdc2b0000 - 0x00007ffcdc417000 	C:\Windows\SYSTEM32\wintypes.dll
0x00007ffce0a10000 - 0x00007ffce0afa000 	C:\Windows\System32\SHCORE.dll
0x00007ffcdf3b0000 - 0x00007ffcdf40d000 	C:\Windows\System32\shlwapi.dll
0x00007ffcde4a0000 - 0x00007ffcde4c5000 	C:\Windows\SYSTEM32\profapi.dll
0x00007ffcc0860000 - 0x00007ffcc0937000 	C:\Users\truonglq\.jdks\corretto-21.0.4\bin\jsvml.dll
0x00007ffccfba0000 - 0x00007ffccfbb0000 	C:\Users\truonglq\.jdks\corretto-21.0.4\bin\net.dll
0x00007ffcd8d50000 - 0x00007ffcd8e64000 	C:\Windows\SYSTEM32\WINHTTP.dll
0x00007ffcdda40000 - 0x00007ffcddaa7000 	C:\Windows\system32\mswsock.dll
0x00007ffccba20000 - 0x00007ffccba36000 	C:\Users\truonglq\.jdks\corretto-21.0.4\bin\nio.dll
0x00007ffccba40000 - 0x00007ffccba58000 	C:\Users\truonglq\.jdks\corretto-21.0.4\bin\zip.dll
0x00007ffcc1dd0000 - 0x00007ffcc1dd9000 	C:\Users\truonglq\.jdks\corretto-21.0.4\bin\management.dll
0x00007ffcc1c00000 - 0x00007ffcc1c0b000 	C:\Users\truonglq\.jdks\corretto-21.0.4\bin\management_ext.dll
0x00007ffce1090000 - 0x00007ffce1098000 	C:\Windows\System32\PSAPI.DLL
0x00007ffccb6f0000 - 0x00007ffccb6fe000 	C:\Users\truonglq\.jdks\corretto-21.0.4\bin\sunmscapi.dll
0x00007ffcde9a0000 - 0x00007ffcdeb02000 	C:\Windows\System32\CRYPT32.dll
0x00007ffcddda0000 - 0x00007ffcdddc8000 	C:\Windows\SYSTEM32\ncrypt.dll
0x00007ffcddd50000 - 0x00007ffcddd87000 	C:\Windows\SYSTEM32\NTASN1.dll
0x00007ffcddd10000 - 0x00007ffcddd28000 	C:\Windows\SYSTEM32\CRYPTSP.dll
0x00007ffcdd500000 - 0x00007ffcdd535000 	C:\Windows\system32\rsaenh.dll
0x00007ffcddae0000 - 0x00007ffcddb0c000 	C:\Windows\SYSTEM32\USERENV.dll
0x00007ffcdde30000 - 0x00007ffcdde57000 	C:\Windows\SYSTEM32\bcrypt.dll
0x00007ffcddc30000 - 0x00007ffcddc3c000 	C:\Windows\SYSTEM32\CRYPTBASE.dll
0x00007ffcdcea0000 - 0x00007ffcdcecd000 	C:\Windows\SYSTEM32\IPHLPAPI.DLL
0x00007ffcdfd40000 - 0x00007ffcdfd49000 	C:\Windows\System32\NSI.dll
0x00007ffccb930000 - 0x00007ffccb940000 	C:\Users\truonglq\.jdks\corretto-21.0.4\bin\verify.dll
0x00007ffcdcf00000 - 0x00007ffcdcfe7000 	C:\Windows\SYSTEM32\DNSAPI.dll
0x00007ffcd81b0000 - 0x00007ffcd81ba000 	C:\Windows\System32\rasadhlp.dll
0x00007ffcd96f0000 - 0x00007ffcd9771000 	C:\Windows\System32\fwpuclnt.dll
0x00007ffccba10000 - 0x00007ffccba19000 	C:\Users\truonglq\.jdks\corretto-21.0.4\bin\extnet.dll

dbghelp: loaded successfully - version: 4.0.5 - missing functions: none
symbol engine: initialized successfully - sym options: 0x614 - pdb path: .;C:\Users\truonglq\.jdks\corretto-21.0.4\bin;C:\Windows\SYSTEM32;C:\Windows\WinSxS\amd64_microsoft.windows.common-controls_6595b64144ccf1df_6.0.22000.120_none_9d947278b86cc467;C:\Users\truonglq\.jdks\corretto-21.0.4\bin\server

VM Arguments:
java_command: C:\Users\truonglq\AppData\Local\Temp\surefire10177762689936213931\surefirebooter-20241021151429518_3.jar C:\Users\truonglq\AppData\Local\Temp\surefire10177762689936213931 2024-10-21T15-14-27_569-jvmRun1 surefire-20241021151429518_1tmp surefire_0-20241021151429518_2tmp
java_class_path (initial): C:\Users\truonglq\AppData\Local\Temp\surefire10177762689936213931\surefirebooter-20241021151429518_3.jar
Launcher Type: SUN_STANDARD

[Global flags]
     intx CICompilerCount                          = 4                                         {product} {ergonomic}
     uint ConcGCThreads                            = 3                                         {product} {ergonomic}
     uint G1ConcRefinementThreads                  = 10                                        {product} {ergonomic}
   size_t G1HeapRegionSize                         = 2097152                                   {product} {ergonomic}
    uintx GCDrainStackTargetSize                   = 64                                        {product} {ergonomic}
   size_t InitialHeapSize                          = 264241152                                 {product} {ergonomic}
   size_t MarkStackSize                            = 4194304                                   {product} {ergonomic}
   size_t MaxHeapSize                              = 4202692608                                {product} {ergonomic}
   size_t MaxNewSize                               = 2520776704                                {product} {ergonomic}
   size_t MinHeapDeltaBytes                        = 2097152                                   {product} {ergonomic}
   size_t MinHeapSize                              = 8388608                                   {product} {ergonomic}
    uintx NonNMethodCodeHeapSize                   = 5839372                                {pd product} {ergonomic}
    uintx NonProfiledCodeHeapSize                  = 122909434                              {pd product} {ergonomic}
    uintx ProfiledCodeHeapSize                     = 122909434                              {pd product} {ergonomic}
    uintx ReservedCodeCacheSize                    = 251658240                              {pd product} {ergonomic}
     bool SegmentedCodeCache                       = true                                      {product} {ergonomic}
   size_t SoftMaxHeapSize                          = 4202692608                             {manageable} {ergonomic}
     bool UseCompressedOops                        = true                           {product lp64_product} {ergonomic}
     bool UseG1GC                                  = true                                      {product} {ergonomic}
     bool UseLargePagesIndividualAllocation        = false                                  {pd product} {ergonomic}

Logging:
Log output configuration:
 #0: stdout all=warning uptime,level,tags foldmultilines=false
 #1: stderr all=off uptime,level,tags foldmultilines=false

Environment Variables:
PATH=C:\Windows\system32;C:\Windows;C:\Windows\System32\Wbem;C:\Windows\System32\WindowsPowerShell\v1.0\;C:\Windows\System32\OpenSSH\;C:\Program Files\Docker\Docker\resources\bin;C:\Users\truonglq\AppData\Local\Microsoft\WindowsApps;;C:\Users\truonglq\AppData\Local\JetBrains\IntelliJ IDEA 2024.2.3\bin;
USERNAME=truonglq
OS=Windows_NT
PROCESSOR_IDENTIFIER=Intel64 Family 6 Model 165 Stepping 3, GenuineIntel
TMP=C:\Users\truonglq\AppData\Local\Temp
TEMP=C:\Users\truonglq\AppData\Local\Temp




Periodic native trim disabled

---------------  S Y S T E M  ---------------

OS:
 Windows 11 , 64 bit Build 22000 (10.0.22000.2538)
OS uptime: 2 days 22:39 hours
Hyper-V role detected

CPU: total 12 (initial active 12) (6 cores per cpu, 2 threads per core) family 6 model 165 stepping 3 microcode 0xe0, cx8, cmov, fxsr, ht, mmx, 3dnowpref, sse, sse2, sse3, ssse3, sse4.1, sse4.2, popcnt, lzcnt, tsc, tscinvbit, avx, avx2, aes, erms, clmul, bmi1, bmi2, adx, fma, vzeroupper, clflush, clflushopt, hv, rdtscp, f16c
Processor Information for all 12 processors :
  Max Mhz: 2901, Current Mhz: 2901, Mhz Limit: 2901

Memory: 4k page, system-wide physical 16025M (3904M free)
TotalPageFile size 18969M (AvailPageFile size 5007M)
current process WorkingSet (physical memory assigned to process): 303M, peak: 311M
current process commit charge ("private bytes"): 342M, peak: 416M

vm_info: OpenJDK 64-Bit Server VM (21.0.4+7-LTS) for windows-amd64 JRE (21.0.4+7-LTS), built on 2024-07-10T17:34:29Z by "Administrator" with MS VC++ 16.10 / 16.11 (VS2019)

END.
